#
# A fatal error has been detected by the Java Runtime Environment:
#
#  Internal Error (javaClasses.cpp:124), pid=17202, tid=140435315705600
#  fatal error: Invalid layout of preloaded class
#
# JRE version:  (8.0_05-b13) (build )
# Java VM: Java HotSpot(TM) 64-Bit Server VM (25.5-b02 mixed mode linux-amd64 compressed oops)
# Failed to write core dump. Core dumps have been disabled. To enable core dumping, try "ulimit -c unlimited" before starting Java again
#
# If you would like to submit a bug report, please visit:
#   http://bugreport.sun.com/bugreport/crash.jsp
#

---------------  T H R E A D  ---------------

Current thread (0x00007fb99c00a000):  JavaThread "Unknown thread" [_thread_in_vm, id=17207, stack(0x00007fb9a50b4000,0x00007fb9a51b5000)]

Stack: [0x00007fb9a50b4000,0x00007fb9a51b5000],  sp=0x00007fb9a51b3810,  free space=1022k
Native frames: (J=compiled Java code, j=interpreted, Vv=VM code, C=native code)
V  [libjvm.so+0xa2f43a]  VMError::report_and_die()+0x2ca
V  [libjvm.so+0x4b2809]  report_fatal(char const*, int, char const*)+0x59
V  [libjvm.so+0x63016c]  compute_offset(int&, Klass*, Symbol*, Symbol*, bool)+0x20c
V  [libjvm.so+0x630f19]  java_lang_String::compute_offsets()+0x39
V  [libjvm.so+0x9aeb46]  SystemDictionary::initialize_preloaded_classes(Thread*)+0x86
V  [libjvm.so+0x9fc79c]  Universe::genesis(Thread*)+0x3cc
V  [libjvm.so+0x9fca4c]  universe2_init()+0x2c
V  [libjvm.so+0x5d461d]  init_globals()+0xbd
V  [libjvm.so+0x9e44ad]  Threads::create_vm(JavaVMInitArgs*, bool*)+0x24d
V  [libjvm.so+0x6659f4]  JNI_CreateJavaVM+0x74
C  [libjli.so+0x703e]  JavaMain+0x9e


---------------  P R O C E S S  ---------------

Java Threads: ( => current thread )

Other Threads:

=>0x00007fb99c00a000 (exited) JavaThread "Unknown thread" [_thread_in_vm, id=17207, stack(0x00007fb9a50b4000,0x00007fb9a51b5000)]

VM state:not at safepoint (not fully initialized)

VM Mutex/Monitor currently owned by a thread: None

GC Heap History (0 events):
No events

Deoptimization events (0 events):
No events

Internal exceptions (0 events):
No events

Events (10 events):
Event: 0.008 loading class java/lang/CharSequence done
Event: 0.008 loading class java/lang/String done
Event: 0.008 loading class java/lang/Class
Event: 0.008 loading class java/lang/reflect/AnnotatedElement
Event: 0.008 loading class java/lang/reflect/AnnotatedElement done
Event: 0.008 loading class java/lang/reflect/GenericDeclaration
Event: 0.008 loading class java/lang/reflect/GenericDeclaration done
Event: 0.008 loading class java/lang/reflect/Type
Event: 0.008 loading class java/lang/reflect/Type done
Event: 0.008 loading class java/lang/Class done


Dynamic libraries:
00400000-00401000 r-xp 00000000 08:05 1228064                            /usr/lib/jvm/java-8-oracle/bin/java
00600000-00601000 rw-p 00000000 08:05 1228064                            /usr/lib/jvm/java-8-oracle/bin/java
00e7a000-00e9b000 rw-p 00000000 00:00 0                                  [heap]
85000000-8ca80000 rw-p 00000000 00:00 0 
8ca80000-d7000000 ---p 00000000 00:00 0 
d7000000-d7180000 rw-p 00000000 00:00 0 
d7180000-100000000 ---p 00000000 00:00 0 
100000000-100060000 rw-p 00000000 00:00 0 
100060000-140000000 ---p 00000000 00:00 0 
7fb968280000-7fb96c000000 rw-p 00000000 00:00 0 
7fb96c000000-7fb96c021000 rw-p 00000000 00:00 0 
7fb96c021000-7fb970000000 ---p 00000000 00:00 0 
7fb970000000-7fb970021000 rw-p 00000000 00:00 0 
7fb970021000-7fb974000000 ---p 00000000 00:00 0 
7fb974000000-7fb974021000 rw-p 00000000 00:00 0 
7fb974021000-7fb978000000 ---p 00000000 00:00 0 
7fb978000000-7fb978021000 rw-p 00000000 00:00 0 
7fb978021000-7fb97c000000 ---p 00000000 00:00 0 
7fb97c000000-7fb97c021000 rw-p 00000000 00:00 0 
7fb97c021000-7fb980000000 ---p 00000000 00:00 0 
7fb980000000-7fb980021000 rw-p 00000000 00:00 0 
7fb980021000-7fb984000000 ---p 00000000 00:00 0 
7fb984000000-7fb984021000 rw-p 00000000 00:00 0 
7fb984021000-7fb988000000 ---p 00000000 00:00 0 
7fb988000000-7fb988021000 rw-p 00000000 00:00 0 
7fb988021000-7fb98c000000 ---p 00000000 00:00 0 
7fb98d000000-7fb98d270000 rwxp 00000000 00:00 0 
7fb98d270000-7fb99c000000 ---p 00000000 00:00 0 
7fb99c000000-7fb99c058000 rw-p 00000000 00:00 0 
7fb99c058000-7fb9a0000000 ---p 00000000 00:00 0 
7fb9a0149000-7fb9a03b1000 rw-p 00000000 00:00 0 
7fb9a03b1000-7fb9a0488000 r--s 013fe000 08:05 732018                     /home/phoenamandre/Downloads/adt-bundle-linux-x86_64-20140321/sdk/platforms/android-19/android.jar
7fb9a0488000-7fb9a08fe000 rw-p 00000000 00:00 0 
7fb9a08fe000-7fb9a0cfe000 ---p 00000000 00:00 0 
7fb9a0cfe000-7fb9a10d6000 rw-p 00000000 00:00 0 
7fb9a10d6000-7fb9a10d7000 ---p 00000000 00:00 0 
7fb9a10d7000-7fb9a11d7000 rw-p 00000000 00:00 0                          [stack:17215]
7fb9a11d7000-7fb9a11d8000 ---p 00000000 00:00 0 
7fb9a11d8000-7fb9a12d8000 rw-p 00000000 00:00 0                          [stack:17214]
7fb9a12d8000-7fb9a12d9000 ---p 00000000 00:00 0 
7fb9a12d9000-7fb9a13d9000 rw-p 00000000 00:00 0                          [stack:17213]
7fb9a13d9000-7fb9a13da000 ---p 00000000 00:00 0 
7fb9a13da000-7fb9a14da000 rw-p 00000000 00:00 0                          [stack:17212]
7fb9a14da000-7fb9a14db000 ---p 00000000 00:00 0 
7fb9a14db000-7fb9a15db000 rw-p 00000000 00:00 0                          [stack:17211]
7fb9a15db000-7fb9a15dc000 ---p 00000000 00:00 0 
7fb9a15dc000-7fb9a16dc000 rw-p 00000000 00:00 0                          [stack:17210]
7fb9a16dc000-7fb9a16dd000 ---p 00000000 00:00 0 
7fb9a16dd000-7fb9a17dd000 rw-p 00000000 00:00 0                          [stack:17209]
7fb9a17dd000-7fb9a17de000 ---p 00000000 00:00 0 
7fb9a17de000-7fb9a191c000 rw-p 00000000 00:00 0                          [stack:17208]
7fb9a191c000-7fb9a1b6e000 ---p 00000000 00:00 0 
7fb9a1b6e000-7fb9a1bac000 rw-p 00000000 00:00 0 
7fb9a1bac000-7fb9a1dfe000 ---p 00000000 00:00 0 
7fb9a1dfe000-7fb9a1dff000 rw-p 00000000 00:00 0 
7fb9a1dff000-7fb9a1f46000 ---p 00000000 00:00 0 
7fb9a1f46000-7fb9a1f51000 rw-p 00000000 00:00 0 
7fb9a1f51000-7fb9a2307000 ---p 00000000 00:00 0 
7fb9a2307000-7fb9a2323000 r-xp 00000000 08:05 1227469                    /usr/lib/jvm/java-8-oracle/jre/lib/amd64/libzip.so
7fb9a2323000-7fb9a2522000 ---p 0001c000 08:05 1227469                    /usr/lib/jvm/java-8-oracle/jre/lib/amd64/libzip.so
7fb9a2522000-7fb9a2523000 rw-p 0001b000 08:05 1227469                    /usr/lib/jvm/java-8-oracle/jre/lib/amd64/libzip.so
7fb9a2523000-7fb9a252e000 r-xp 00000000 08:05 802946                     /lib/x86_64-linux-gnu/libnss_files-2.19.so
7fb9a252e000-7fb9a272d000 ---p 0000b000 08:05 802946                     /lib/x86_64-linux-gnu/libnss_files-2.19.so
7fb9a272d000-7fb9a272e000 r--p 0000a000 08:05 802946                     /lib/x86_64-linux-gnu/libnss_files-2.19.so
7fb9a272e000-7fb9a272f000 rw-p 0000b000 08:05 802946                     /lib/x86_64-linux-gnu/libnss_files-2.19.so
7fb9a272f000-7fb9a273a000 r-xp 00000000 08:05 809856                     /lib/x86_64-linux-gnu/libnss_nis-2.19.so
7fb9a273a000-7fb9a2939000 ---p 0000b000 08:05 809856                     /lib/x86_64-linux-gnu/libnss_nis-2.19.so
7fb9a2939000-7fb9a293a000 r--p 0000a000 08:05 809856                     /lib/x86_64-linux-gnu/libnss_nis-2.19.so
7fb9a293a000-7fb9a293b000 rw-p 0000b000 08:05 809856                     /lib/x86_64-linux-gnu/libnss_nis-2.19.so
7fb9a293b000-7fb9a2952000 r-xp 00000000 08:05 809810                     /lib/x86_64-linux-gnu/libnsl-2.19.so
7fb9a2952000-7fb9a2b51000 ---p 00017000 08:05 809810                     /lib/x86_64-linux-gnu/libnsl-2.19.so
7fb9a2b51000-7fb9a2b52000 r--p 00016000 08:05 809810                     /lib/x86_64-linux-gnu/libnsl-2.19.so
7fb9a2b52000-7fb9a2b53000 rw-p 00017000 08:05 809810                     /lib/x86_64-linux-gnu/libnsl-2.19.so
7fb9a2b53000-7fb9a2b55000 rw-p 00000000 00:00 0 
7fb9a2b55000-7fb9a2b5e000 r-xp 00000000 08:05 809875                     /lib/x86_64-linux-gnu/libnss_compat-2.19.so
7fb9a2b5e000-7fb9a2d5d000 ---p 00009000 08:05 809875                     /lib/x86_64-linux-gnu/libnss_compat-2.19.so
7fb9a2d5d000-7fb9a2d5e000 r--p 00008000 08:05 809875                     /lib/x86_64-linux-gnu/libnss_compat-2.19.so
7fb9a2d5e000-7fb9a2d5f000 rw-p 00009000 08:05 809875                     /lib/x86_64-linux-gnu/libnss_compat-2.19.so
7fb9a2d5f000-7fb9a2d89000 r-xp 00000000 08:05 1227462                    /usr/lib/jvm/java-8-oracle/jre/lib/amd64/libjava.so
7fb9a2d89000-7fb9a2f89000 ---p 0002a000 08:05 1227462                    /usr/lib/jvm/java-8-oracle/jre/lib/amd64/libjava.so
7fb9a2f89000-7fb9a2f8b000 rw-p 0002a000 08:05 1227462                    /usr/lib/jvm/java-8-oracle/jre/lib/amd64/libjava.so
7fb9a2f8b000-7fb9a2f98000 r-xp 00000000 08:05 1227458                    /usr/lib/jvm/java-8-oracle/jre/lib/amd64/libverify.so
7fb9a2f98000-7fb9a3198000 ---p 0000d000 08:05 1227458                    /usr/lib/jvm/java-8-oracle/jre/lib/amd64/libverify.so
7fb9a3198000-7fb9a319a000 rw-p 0000d000 08:05 1227458                    /usr/lib/jvm/java-8-oracle/jre/lib/amd64/libverify.so
7fb9a319a000-7fb9a31a1000 r-xp 00000000 08:05 810752                     /lib/x86_64-linux-gnu/librt-2.19.so
7fb9a31a1000-7fb9a33a0000 ---p 00007000 08:05 810752                     /lib/x86_64-linux-gnu/librt-2.19.so
7fb9a33a0000-7fb9a33a1000 r--p 00006000 08:05 810752                     /lib/x86_64-linux-gnu/librt-2.19.so
7fb9a33a1000-7fb9a33a2000 rw-p 00007000 08:05 810752                     /lib/x86_64-linux-gnu/librt-2.19.so
7fb9a33a2000-7fb9a34a7000 r-xp 00000000 08:05 803967                     /lib/x86_64-linux-gnu/libm-2.19.so
7fb9a34a7000-7fb9a36a6000 ---p 00105000 08:05 803967                     /lib/x86_64-linux-gnu/libm-2.19.so
7fb9a36a6000-7fb9a36a7000 r--p 00104000 08:05 803967                     /lib/x86_64-linux-gnu/libm-2.19.so
7fb9a36a7000-7fb9a36a8000 rw-p 00105000 08:05 803967                     /lib/x86_64-linux-gnu/libm-2.19.so
7fb9a36a8000-7fb9a42c2000 r-xp 00000000 08:05 1227466                    /usr/lib/jvm/java-8-oracle/jre/lib/amd64/server/libjvm.so
7fb9a42c2000-7fb9a44c1000 ---p 00c1a000 08:05 1227466                    /usr/lib/jvm/java-8-oracle/jre/lib/amd64/server/libjvm.so
7fb9a44c1000-7fb9a458a000 rw-p 00c19000 08:05 1227466                    /usr/lib/jvm/java-8-oracle/jre/lib/amd64/server/libjvm.so
7fb9a458a000-7fb9a45cb000 rw-p 00000000 00:00 0 
7fb9a45cb000-7fb9a4787000 r-xp 00000000 08:05 802284                     /lib/x86_64-linux-gnu/libc-2.19.so
7fb9a4787000-7fb9a4986000 ---p 001bc000 08:05 802284                     /lib/x86_64-linux-gnu/libc-2.19.so
7fb9a4986000-7fb9a498a000 r--p 001bb000 08:05 802284                     /lib/x86_64-linux-gnu/libc-2.19.so
7fb9a498a000-7fb9a498c000 rw-p 001bf000 08:05 802284                     /lib/x86_64-linux-gnu/libc-2.19.so
7fb9a498c000-7fb9a4991000 rw-p 00000000 00:00 0 
7fb9a4991000-7fb9a4994000 r-xp 00000000 08:05 810320                     /lib/x86_64-linux-gnu/libdl-2.19.so
7fb9a4994000-7fb9a4b93000 ---p 00003000 08:05 810320                     /lib/x86_64-linux-gnu/libdl-2.19.so
7fb9a4b93000-7fb9a4b94000 r--p 00002000 08:05 810320                     /lib/x86_64-linux-gnu/libdl-2.19.so
7fb9a4b94000-7fb9a4b95000 rw-p 00003000 08:05 810320                     /lib/x86_64-linux-gnu/libdl-2.19.so
7fb9a4b95000-7fb9a4bac000 r-xp 00000000 08:05 1331102                    /usr/lib/jvm/java-8-oracle/lib/amd64/jli/libjli.so
7fb9a4bac000-7fb9a4dab000 ---p 00017000 08:05 1331102                    /usr/lib/jvm/java-8-oracle/lib/amd64/jli/libjli.so
7fb9a4dab000-7fb9a4dac000 rw-p 00016000 08:05 1331102                    /usr/lib/jvm/java-8-oracle/lib/amd64/jli/libjli.so
7fb9a4dac000-7fb9a4dc5000 r-xp 00000000 08:05 810711                     /lib/x86_64-linux-gnu/libpthread-2.19.so
7fb9a4dc5000-7fb9a4fc4000 ---p 00019000 08:05 810711                     /lib/x86_64-linux-gnu/libpthread-2.19.so
7fb9a4fc4000-7fb9a4fc5000 r--p 00018000 08:05 810711                     /lib/x86_64-linux-gnu/libpthread-2.19.so
7fb9a4fc5000-7fb9a4fc6000 rw-p 00019000 08:05 810711                     /lib/x86_64-linux-gnu/libpthread-2.19.so
7fb9a4fc6000-7fb9a4fca000 rw-p 00000000 00:00 0 
7fb9a4fca000-7fb9a4fed000 r-xp 00000000 08:05 802279                     /lib/x86_64-linux-gnu/ld-2.19.so
7fb9a5008000-7fb9a50b4000 rw-p 00000000 00:00 0 
7fb9a50b4000-7fb9a50b7000 ---p 00000000 00:00 0 
7fb9a50b7000-7fb9a51e0000 rw-p 00000000 00:00 0                          [stack:17207]
7fb9a51e0000-7fb9a51e8000 rw-s 00000000 08:05 796421                     /tmp/hsperfdata_phoenamandre/17202
7fb9a51e8000-7fb9a51e9000 rw-p 00000000 00:00 0 
7fb9a51e9000-7fb9a51ea000 r--p 00000000 00:00 0 
7fb9a51ea000-7fb9a51ec000 rw-p 00000000 00:00 0 
7fb9a51ec000-7fb9a51ed000 r--p 00022000 08:05 802279                     /lib/x86_64-linux-gnu/ld-2.19.so
7fb9a51ed000-7fb9a51ee000 rw-p 00023000 08:05 802279                     /lib/x86_64-linux-gnu/ld-2.19.so
7fb9a51ee000-7fb9a51ef000 rw-p 00000000 00:00 0 
7fff5f95f000-7fff5f981000 rw-p 00000000 00:00 0                          [stack]
7fff5f9fe000-7fff5fa00000 r-xp 00000000 00:00 0                          [vdso]
ffffffffff600000-ffffffffff601000 r-xp 00000000 00:00 0                  [vsyscall]

VM Arguments:
jvm_args: -Dfile.encoding=UTF-8 -Xbootclasspath:/home/phoenamandre/Downloads/adt-bundle-linux-x86_64-20140321/sdk/platforms/android-19/android.jar 
java_command: hubic.Access
java_class_path (initial): /home/phoenamandre/workspaceAndroid/HubicSync/bin/classes:/home/phoenamandre/workspaceAndroid/HubicSync/libs/android-support-v4.jar
Launcher Type: SUN_STANDARD

Environment Variables:
PATH=/usr/local/sbin:/usr/local/bin:/usr/sbin:/usr/bin:/sbin:/bin:/usr/games:/usr/local/games
SHELL=/bin/bash
DISPLAY=:0

Signal Handlers:
SIGSEGV: [libjvm.so+0xa2fc90], sa_mask[0]=0x7ffbfeff, sa_flags=0x10000004
SIGBUS: [libjvm.so+0xa2fc90], sa_mask[0]=0x7ffbfeff, sa_flags=0x10000004
SIGFPE: [libjvm.so+0x89b4b0], sa_mask[0]=0x7ffbfeff, sa_flags=0x10000004
SIGPIPE: [libjvm.so+0x89b4b0], sa_mask[0]=0x7ffbfeff, sa_flags=0x10000004
SIGXFSZ: [libjvm.so+0x89b4b0], sa_mask[0]=0x7ffbfeff, sa_flags=0x10000004
SIGILL: [libjvm.so+0x89b4b0], sa_mask[0]=0x7ffbfeff, sa_flags=0x10000004
SIGUSR1: SIG_DFL, sa_mask[0]=0x00000000, sa_flags=0x00000000
SIGUSR2: [libjvm.so+0x89cc50], sa_mask[0]=0x00000004, sa_flags=0x10000004
SIGHUP: SIG_DFL, sa_mask[0]=0x00000000, sa_flags=0x00000000
SIGINT: SIG_DFL, sa_mask[0]=0x00000000, sa_flags=0x00000000
SIGTERM: SIG_DFL, sa_mask[0]=0x00000000, sa_flags=0x00000000
SIGQUIT: SIG_DFL, sa_mask[0]=0x00000000, sa_flags=0x00000000


---------------  S Y S T E M  ---------------

OS:DISTRIB_ID=Ubuntu
DISTRIB_RELEASE=14.04
DISTRIB_CODENAME=trusty
DISTRIB_DESCRIPTION="Ubuntu 14.04 LTS"

uname:Linux 3.13.0-27-generic #50-Ubuntu SMP Thu May 15 18:06:16 UTC 2014 x86_64
libc:glibc 2.19 NPTL 2.19 
rlimit: STACK 8192k, CORE 0k, NPROC 62739, NOFILE 4096, AS infinity
load average:0.35 0.71 0.81

/proc/meminfo:
MemTotal:        8059864 kB
MemFree:          808652 kB
Buffers:          518624 kB
Cached:          2315000 kB
SwapCached:            0 kB
Active:          4645536 kB
Inactive:        2126048 kB
Active(anon):    3976180 kB
Inactive(anon):  1050108 kB
Active(file):     669356 kB
Inactive(file):  1075940 kB
Unevictable:         160 kB
Mlocked:             160 kB
SwapTotal:             0 kB
SwapFree:              0 kB
Dirty:               180 kB
Writeback:             0 kB
AnonPages:       3938364 kB
Mapped:           464316 kB
Shmem:           1088320 kB
Slab:             273708 kB
SReclaimable:     167020 kB
SUnreclaim:       106688 kB
KernelStack:        8000 kB
PageTables:        73204 kB
NFS_Unstable:          0 kB
Bounce:                0 kB
WritebackTmp:          0 kB
CommitLimit:     4029932 kB
Committed_AS:   11237564 kB
VmallocTotal:   34359738367 kB
VmallocUsed:      365472 kB
VmallocChunk:   34359351676 kB
HardwareCorrupted:     0 kB
AnonHugePages:    731136 kB
HugePages_Total:       0
HugePages_Free:        0
HugePages_Rsvd:        0
HugePages_Surp:        0
Hugepagesize:       2048 kB
DirectMap4k:      319732 kB
DirectMap2M:     7952384 kB


CPU:total 8 (4 cores per cpu, 2 threads per core) family 6 model 58 stepping 9, cmov, cx8, fxsr, mmx, sse, sse2, sse3, ssse3, sse4.1, sse4.2, popcnt, avx, aes, clmul, erms, ht, tsc, tscinvbit

/proc/cpuinfo:
processor	: 0
vendor_id	: GenuineIntel
cpu family	: 6
model		: 58
model name	: Intel(R) Core(TM) i7-3610QM CPU @ 2.30GHz
stepping	: 9
microcode	: 0x10
cpu MHz		: 2301.000
cache size	: 6144 KB
physical id	: 0
siblings	: 8
core id		: 0
cpu cores	: 4
apicid		: 0
initial apicid	: 0
fpu		: yes
fpu_exception	: yes
cpuid level	: 13
wp		: yes
flags		: fpu vme de pse tsc msr pae mce cx8 apic sep mtrr pge mca cmov pat pse36 clflush dts acpi mmx fxsr sse sse2 ss ht tm pbe syscall nx rdtscp lm constant_tsc arch_perfmon pebs bts rep_good nopl xtopology nonstop_tsc aperfmperf eagerfpu pni pclmulqdq dtes64 monitor ds_cpl vmx est tm2 ssse3 cx16 xtpr pdcm pcid sse4_1 sse4_2 x2apic popcnt tsc_deadline_timer aes xsave avx f16c rdrand lahf_lm ida arat epb xsaveopt pln pts dtherm tpr_shadow vnmi flexpriority ept vpid fsgsbase smep erms
bogomips	: 4589.72
clflush size	: 64
cache_alignment	: 64
address sizes	: 36 bits physical, 48 bits virtual
power management:

processor	: 1
vendor_id	: GenuineIntel
cpu family	: 6
model		: 58
model name	: Intel(R) Core(TM) i7-3610QM CPU @ 2.30GHz
stepping	: 9
microcode	: 0x10
cpu MHz		: 1200.000
cache size	: 6144 KB
physical id	: 0
siblings	: 8
core id		: 1
cpu cores	: 4
apicid		: 2
initial apicid	: 2
fpu		: yes
fpu_exception	: yes
cpuid level	: 13
wp		: yes
flags		: fpu vme de pse tsc msr pae mce cx8 apic sep mtrr pge mca cmov pat pse36 clflush dts acpi mmx fxsr sse sse2 ss ht tm pbe syscall nx rdtscp lm constant_tsc arch_perfmon pebs bts rep_good nopl xtopology nonstop_tsc aperfmperf eagerfpu pni pclmulqdq dtes64 monitor ds_cpl vmx est tm2 ssse3 cx16 xtpr pdcm pcid sse4_1 sse4_2 x2apic popcnt tsc_deadline_timer aes xsave avx f16c rdrand lahf_lm ida arat epb xsaveopt pln pts dtherm tpr_shadow vnmi flexpriority ept vpid fsgsbase smep erms
bogomips	: 4589.72
clflush size	: 64
cache_alignment	: 64
address sizes	: 36 bits physical, 48 bits virtual
power management:

processor	: 2
vendor_id	: GenuineIntel
cpu family	: 6
model		: 58
model name	: Intel(R) Core(TM) i7-3610QM CPU @ 2.30GHz
stepping	: 9
microcode	: 0x10
cpu MHz		: 1200.000
cache size	: 6144 KB
physical id	: 0
siblings	: 8
core id		: 2
cpu cores	: 4
apicid		: 4
initial apicid	: 4
fpu		: yes
fpu_exception	: yes
cpuid level	: 13
wp		: yes
flags		: fpu vme de pse tsc msr pae mce cx8 apic sep mtrr pge mca cmov pat pse36 clflush dts acpi mmx fxsr sse sse2 ss ht tm pbe syscall nx rdtscp lm constant_tsc arch_perfmon pebs bts rep_good nopl xtopology nonstop_tsc aperfmperf eagerfpu pni pclmulqdq dtes64 monitor ds_cpl vmx est tm2 ssse3 cx16 xtpr pdcm pcid sse4_1 sse4_2 x2apic popcnt tsc_deadline_timer aes xsave avx f16c rdrand lahf_lm ida arat epb xsaveopt pln pts dtherm tpr_shadow vnmi flexpriority ept vpid fsgsbase smep erms
bogomips	: 4589.72
clflush size	: 64
cache_alignment	: 64
address sizes	: 36 bits physical, 48 bits virtual
power management:

processor	: 3
vendor_id	: GenuineIntel
cpu family	: 6
model		: 58
model name	: Intel(R) Core(TM) i7-3610QM CPU @ 2.30GHz
stepping	: 9
microcode	: 0x10
cpu MHz		: 1200.000
cache size	: 6144 KB
physical id	: 0
siblings	: 8
core id		: 3
cpu cores	: 4
apicid		: 6
initial apicid	: 6
fpu		: yes
fpu_exception	: yes
cpuid level	: 13
wp		: yes
flags		: fpu vme de pse tsc msr pae mce cx8 apic sep mtrr pge mca cmov pat pse36 clflush dts acpi mmx fxsr sse sse2 ss ht tm pbe syscall nx rdtscp lm constant_tsc arch_perfmon pebs bts rep_good nopl xtopology nonstop_tsc aperfmperf eagerfpu pni pclmulqdq dtes64 monitor ds_cpl vmx est tm2 ssse3 cx16 xtpr pdcm pcid sse4_1 sse4_2 x2apic popcnt tsc_deadline_timer aes xsave avx f16c rdrand lahf_lm ida arat epb xsaveopt pln pts dtherm tpr_shadow vnmi flexpriority ept vpid fsgsbase smep erms
bogomips	: 4589.72
clflush size	: 64
cache_alignment	: 64
address sizes	: 36 bits physical, 48 bits virtual
power management:

processor	: 4
vendor_id	: GenuineIntel
cpu family	: 6
model		: 58
model name	: Intel(R) Core(TM) i7-3610QM CPU @ 2.30GHz
stepping	: 9
microcode	: 0x10
cpu MHz		: 2100.000
cache size	: 6144 KB
physical id	: 0
siblings	: 8
core id		: 0
cpu cores	: 4
apicid		: 1
initial apicid	: 1
fpu		: yes
fpu_exception	: yes
cpuid level	: 13
wp		: yes
flags		: fpu vme de pse tsc msr pae mce cx8 apic sep mtrr pge mca cmov pat pse36 clflush dts acpi mmx fxsr sse sse2 ss ht tm pbe syscall nx rdtscp lm constant_tsc arch_perfmon pebs bts rep_good nopl xtopology nonstop_tsc aperfmperf eagerfpu pni pclmulqdq dtes64 monitor ds_cpl vmx est tm2 ssse3 cx16 xtpr pdcm pcid sse4_1 sse4_2 x2apic popcnt tsc_deadline_timer aes xsave avx f16c rdrand lahf_lm ida arat epb xsaveopt pln pts dtherm tpr_shadow vnmi flexpriority ept vpid fsgsbase smep erms
bogomips	: 4589.72
clflush size	: 64
cache_alignment	: 64
address sizes	: 36 bits physical, 48 bits virtual
power management:

processor	: 5
vendor_id	: GenuineIntel
cpu family	: 6
model		: 58
model name	: Intel(R) Core(TM) i7-3610QM CPU @ 2.30GHz
stepping	: 9
microcode	: 0x10
cpu MHz		: 1200.000
cache size	: 6144 KB
physical id	: 0
siblings	: 8
core id		: 1
cpu cores	: 4
apicid		: 3
initial apicid	: 3
fpu		: yes
fpu_exception	: yes
cpuid level	: 13
wp		: yes
flags		: fpu vme de pse tsc msr pae mce cx8 apic sep mtrr pge mca cmov pat pse36 clflush dts acpi mmx fxsr sse sse2 ss ht tm pbe syscall nx rdtscp lm constant_tsc arch_perfmon pebs bts rep_good nopl xtopology nonstop_tsc aperfmperf eagerfpu pni pclmulqdq dtes64 monitor ds_cpl vmx est tm2 ssse3 cx16 xtpr pdcm pcid sse4_1 sse4_2 x2apic popcnt tsc_deadline_timer aes xsave avx f16c rdrand lahf_lm ida arat epb xsaveopt pln pts dtherm tpr_shadow vnmi flexpriority ept vpid fsgsbase smep erms
bogomips	: 4589.72
clflush size	: 64
cache_alignment	: 64
address sizes	: 36 bits physical, 48 bits virtual
power management:

processor	: 6
vendor_id	: GenuineIntel
cpu family	: 6
model		: 58
model name	: Intel(R) Core(TM) i7-3610QM CPU @ 2.30GHz
stepping	: 9
microcode	: 0x10
cpu MHz		: 2301.000
cache size	: 6144 KB
physical id	: 0
siblings	: 8
core id		: 2
cpu cores	: 4
apicid		: 5
initial apicid	: 5
fpu		: yes
fpu_exception	: yes
cpuid level	: 13
wp		: yes
flags		: fpu vme de pse tsc msr pae mce cx8 apic sep mtrr pge mca cmov pat pse36 clflush dts acpi mmx fxsr sse sse2 ss ht tm pbe syscall nx rdtscp lm constant_tsc arch_perfmon pebs bts rep_good nopl xtopology nonstop_tsc aperfmperf eagerfpu pni pclmulqdq dtes64 monitor ds_cpl vmx est tm2 ssse3 cx16 xtpr pdcm pcid sse4_1 sse4_2 x2apic popcnt tsc_deadline_timer aes xsave avx f16c rdrand lahf_lm ida arat epb xsaveopt pln pts dtherm tpr_shadow vnmi flexpriority ept vpid fsgsbase smep erms
bogomips	: 4589.72
clflush size	: 64
cache_alignment	: 64
address sizes	: 36 bits physical, 48 bits virtual
power management:

processor	: 7
vendor_id	: GenuineIntel
cpu family	: 6
model		: 58
model name	: Intel(R) Core(TM) i7-3610QM CPU @ 2.30GHz
stepping	: 9
microcode	: 0x10
cpu MHz		: 1200.000
cache size	: 6144 KB
physical id	: 0
siblings	: 8
core id		: 3
cpu cores	: 4
apicid		: 7
initial apicid	: 7
fpu		: yes
fpu_exception	: yes
cpuid level	: 13
wp		: yes
flags		: fpu vme de pse tsc msr pae mce cx8 apic sep mtrr pge mca cmov pat pse36 clflush dts acpi mmx fxsr sse sse2 ss ht tm pbe syscall nx rdtscp lm constant_tsc arch_perfmon pebs bts rep_good nopl xtopology nonstop_tsc aperfmperf eagerfpu pni pclmulqdq dtes64 monitor ds_cpl vmx est tm2 ssse3 cx16 xtpr pdcm pcid sse4_1 sse4_2 x2apic popcnt tsc_deadline_timer aes xsave avx f16c rdrand lahf_lm ida arat epb xsaveopt pln pts dtherm tpr_shadow vnmi flexpriority ept vpid fsgsbase smep erms
bogomips	: 4589.72
clflush size	: 64
cache_alignment	: 64
address sizes	: 36 bits physical, 48 bits virtual
power management:



Memory: 4k page, physical 8059864k(808652k free), swap 0k(0k free)

vm_info: Java HotSpot(TM) 64-Bit Server VM (25.5-b02) for linux-amd64 JRE (1.8.0_05-b13), built on Mar 18 2014 00:29:27 by "java_re" with gcc 4.3.0 20080428 (Red Hat 4.3.0-8)

time: Wed Jun 18 00:41:34 2014
elapsed time: 0 seconds

