#
# A fatal error has been detected by the Java Runtime Environment:
#
#  Internal Error (javaClasses.cpp:124), pid=17237, tid=140469996300032
#  fatal error: Invalid layout of preloaded class
#
# JRE version:  (8.0_05-b13) (build )
# Java VM: Java HotSpot(TM) 64-Bit Server VM (25.5-b02 mixed mode linux-amd64 compressed oops)
# Failed to write core dump. Core dumps have been disabled. To enable core dumping, try "ulimit -c unlimited" before starting Java again
#
# If you would like to submit a bug report, please visit:
#   http://bugreport.sun.com/bugreport/crash.jsp
#

---------------  T H R E A D  ---------------

Current thread (0x00007fc1b000a000):  JavaThread "Unknown thread" [_thread_in_vm, id=17242, stack(0x00007fc1b82b2000,0x00007fc1b83b3000)]

Stack: [0x00007fc1b82b2000,0x00007fc1b83b3000],  sp=0x00007fc1b83b1810,  free space=1022k
Native frames: (J=compiled Java code, j=interpreted, Vv=VM code, C=native code)
V  [libjvm.so+0xa2f43a]  VMError::report_and_die()+0x2ca
V  [libjvm.so+0x4b2809]  report_fatal(char const*, int, char const*)+0x59
V  [libjvm.so+0x63016c]  compute_offset(int&, Klass*, Symbol*, Symbol*, bool)+0x20c
V  [libjvm.so+0x630f19]  java_lang_String::compute_offsets()+0x39
V  [libjvm.so+0x9aeb46]  SystemDictionary::initialize_preloaded_classes(Thread*)+0x86
V  [libjvm.so+0x9fc79c]  Universe::genesis(Thread*)+0x3cc
V  [libjvm.so+0x9fca4c]  universe2_init()+0x2c
V  [libjvm.so+0x5d461d]  init_globals()+0xbd
V  [libjvm.so+0x9e44ad]  Threads::create_vm(JavaVMInitArgs*, bool*)+0x24d
V  [libjvm.so+0x6659f4]  JNI_CreateJavaVM+0x74
C  [libjli.so+0x703e]  JavaMain+0x9e


---------------  P R O C E S S  ---------------

Java Threads: ( => current thread )

Other Threads:

=>0x00007fc1b000a000 (exited) JavaThread "Unknown thread" [_thread_in_vm, id=17242, stack(0x00007fc1b82b2000,0x00007fc1b83b3000)]

VM state:not at safepoint (not fully initialized)

VM Mutex/Monitor currently owned by a thread: None

GC Heap History (0 events):
No events

Deoptimization events (0 events):
No events

Internal exceptions (0 events):
No events

Events (10 events):
Event: 0.010 loading class java/lang/CharSequence done
Event: 0.011 loading class java/lang/String done
Event: 0.011 loading class java/lang/Class
Event: 0.011 loading class java/lang/reflect/AnnotatedElement
Event: 0.011 loading class java/lang/reflect/AnnotatedElement done
Event: 0.011 loading class java/lang/reflect/GenericDeclaration
Event: 0.011 loading class java/lang/reflect/GenericDeclaration done
Event: 0.011 loading class java/lang/reflect/Type
Event: 0.011 loading class java/lang/reflect/Type done
Event: 0.011 loading class java/lang/Class done


Dynamic libraries:
00400000-00401000 r-xp 00000000 08:05 1228064                            /usr/lib/jvm/java-8-oracle/bin/java
00600000-00601000 rw-p 00000000 08:05 1228064                            /usr/lib/jvm/java-8-oracle/bin/java
006d5000-006f6000 rw-p 00000000 00:00 0                                  [heap]
85000000-8ca80000 rw-p 00000000 00:00 0 
8ca80000-d7000000 ---p 00000000 00:00 0 
d7000000-d7180000 rw-p 00000000 00:00 0 
d7180000-100000000 ---p 00000000 00:00 0 
100000000-100060000 rw-p 00000000 00:00 0 
100060000-140000000 ---p 00000000 00:00 0 
7fc17c000000-7fc17c021000 rw-p 00000000 00:00 0 
7fc17c021000-7fc180000000 ---p 00000000 00:00 0 
7fc180000000-7fc180021000 rw-p 00000000 00:00 0 
7fc180021000-7fc184000000 ---p 00000000 00:00 0 
7fc184000000-7fc184021000 rw-p 00000000 00:00 0 
7fc184021000-7fc188000000 ---p 00000000 00:00 0 
7fc188280000-7fc18c000000 rw-p 00000000 00:00 0 
7fc18c000000-7fc18c021000 rw-p 00000000 00:00 0 
7fc18c021000-7fc190000000 ---p 00000000 00:00 0 
7fc190000000-7fc190021000 rw-p 00000000 00:00 0 
7fc190021000-7fc194000000 ---p 00000000 00:00 0 
7fc194000000-7fc194021000 rw-p 00000000 00:00 0 
7fc194021000-7fc198000000 ---p 00000000 00:00 0 
7fc198000000-7fc198021000 rw-p 00000000 00:00 0 
7fc198021000-7fc19c000000 ---p 00000000 00:00 0 
7fc19c000000-7fc19c021000 rw-p 00000000 00:00 0 
7fc19c021000-7fc1a0000000 ---p 00000000 00:00 0 
7fc1a02a7000-7fc1a0828000 rw-p 00000000 00:00 0 
7fc1a0828000-7fc1a0c28000 ---p 00000000 00:00 0 
7fc1a0c28000-7fc1a1000000 rw-p 00000000 00:00 0 
7fc1a1000000-7fc1a1270000 rwxp 00000000 00:00 0 
7fc1a1270000-7fc1b0000000 ---p 00000000 00:00 0 
7fc1b0000000-7fc1b0058000 rw-p 00000000 00:00 0 
7fc1b0058000-7fc1b4000000 ---p 00000000 00:00 0 
7fc1b40a0000-7fc1b4187000 rw-p 00000000 00:00 0 
7fc1b4187000-7fc1b425e000 r--s 013fe000 08:05 732018                     /home/phoenamandre/Downloads/adt-bundle-linux-x86_64-20140321/sdk/platforms/android-19/android.jar
7fc1b425e000-7fc1b42d4000 rw-p 00000000 00:00 0 
7fc1b42d4000-7fc1b42d5000 ---p 00000000 00:00 0 
7fc1b42d5000-7fc1b43d5000 rw-p 00000000 00:00 0                          [stack:17250]
7fc1b43d5000-7fc1b43d6000 ---p 00000000 00:00 0 
7fc1b43d6000-7fc1b44d6000 rw-p 00000000 00:00 0                          [stack:17249]
7fc1b44d6000-7fc1b44d7000 ---p 00000000 00:00 0 
7fc1b44d7000-7fc1b45d7000 rw-p 00000000 00:00 0                          [stack:17248]
7fc1b45d7000-7fc1b45d8000 ---p 00000000 00:00 0 
7fc1b45d8000-7fc1b46d8000 rw-p 00000000 00:00 0                          [stack:17247]
7fc1b46d8000-7fc1b46d9000 ---p 00000000 00:00 0 
7fc1b46d9000-7fc1b47d9000 rw-p 00000000 00:00 0                          [stack:17246]
7fc1b47d9000-7fc1b47da000 ---p 00000000 00:00 0 
7fc1b47da000-7fc1b48da000 rw-p 00000000 00:00 0                          [stack:17245]
7fc1b48da000-7fc1b48db000 ---p 00000000 00:00 0 
7fc1b48db000-7fc1b49db000 rw-p 00000000 00:00 0                          [stack:17244]
7fc1b49db000-7fc1b49dc000 ---p 00000000 00:00 0 
7fc1b49dc000-7fc1b4b1a000 rw-p 00000000 00:00 0                          [stack:17243]
7fc1b4b1a000-7fc1b4d6c000 ---p 00000000 00:00 0 
7fc1b4d6c000-7fc1b4daa000 rw-p 00000000 00:00 0 
7fc1b4daa000-7fc1b4ffc000 ---p 00000000 00:00 0 
7fc1b4ffc000-7fc1b4ffd000 rw-p 00000000 00:00 0 
7fc1b4ffd000-7fc1b5144000 ---p 00000000 00:00 0 
7fc1b5144000-7fc1b514f000 rw-p 00000000 00:00 0 
7fc1b514f000-7fc1b5505000 ---p 00000000 00:00 0 
7fc1b5505000-7fc1b5521000 r-xp 00000000 08:05 1227469                    /usr/lib/jvm/java-8-oracle/jre/lib/amd64/libzip.so
7fc1b5521000-7fc1b5720000 ---p 0001c000 08:05 1227469                    /usr/lib/jvm/java-8-oracle/jre/lib/amd64/libzip.so
7fc1b5720000-7fc1b5721000 rw-p 0001b000 08:05 1227469                    /usr/lib/jvm/java-8-oracle/jre/lib/amd64/libzip.so
7fc1b5721000-7fc1b572c000 r-xp 00000000 08:05 802946                     /lib/x86_64-linux-gnu/libnss_files-2.19.so
7fc1b572c000-7fc1b592b000 ---p 0000b000 08:05 802946                     /lib/x86_64-linux-gnu/libnss_files-2.19.so
7fc1b592b000-7fc1b592c000 r--p 0000a000 08:05 802946                     /lib/x86_64-linux-gnu/libnss_files-2.19.so
7fc1b592c000-7fc1b592d000 rw-p 0000b000 08:05 802946                     /lib/x86_64-linux-gnu/libnss_files-2.19.so
7fc1b592d000-7fc1b5938000 r-xp 00000000 08:05 809856                     /lib/x86_64-linux-gnu/libnss_nis-2.19.so
7fc1b5938000-7fc1b5b37000 ---p 0000b000 08:05 809856                     /lib/x86_64-linux-gnu/libnss_nis-2.19.so
7fc1b5b37000-7fc1b5b38000 r--p 0000a000 08:05 809856                     /lib/x86_64-linux-gnu/libnss_nis-2.19.so
7fc1b5b38000-7fc1b5b39000 rw-p 0000b000 08:05 809856                     /lib/x86_64-linux-gnu/libnss_nis-2.19.so
7fc1b5b39000-7fc1b5b50000 r-xp 00000000 08:05 809810                     /lib/x86_64-linux-gnu/libnsl-2.19.so
7fc1b5b50000-7fc1b5d4f000 ---p 00017000 08:05 809810                     /lib/x86_64-linux-gnu/libnsl-2.19.so
7fc1b5d4f000-7fc1b5d50000 r--p 00016000 08:05 809810                     /lib/x86_64-linux-gnu/libnsl-2.19.so
7fc1b5d50000-7fc1b5d51000 rw-p 00017000 08:05 809810                     /lib/x86_64-linux-gnu/libnsl-2.19.so
7fc1b5d51000-7fc1b5d53000 rw-p 00000000 00:00 0 
7fc1b5d53000-7fc1b5d5c000 r-xp 00000000 08:05 809875                     /lib/x86_64-linux-gnu/libnss_compat-2.19.so
7fc1b5d5c000-7fc1b5f5b000 ---p 00009000 08:05 809875                     /lib/x86_64-linux-gnu/libnss_compat-2.19.so
7fc1b5f5b000-7fc1b5f5c000 r--p 00008000 08:05 809875                     /lib/x86_64-linux-gnu/libnss_compat-2.19.so
7fc1b5f5c000-7fc1b5f5d000 rw-p 00009000 08:05 809875                     /lib/x86_64-linux-gnu/libnss_compat-2.19.so
7fc1b5f5d000-7fc1b5f87000 r-xp 00000000 08:05 1227462                    /usr/lib/jvm/java-8-oracle/jre/lib/amd64/libjava.so
7fc1b5f87000-7fc1b6187000 ---p 0002a000 08:05 1227462                    /usr/lib/jvm/java-8-oracle/jre/lib/amd64/libjava.so
7fc1b6187000-7fc1b6189000 rw-p 0002a000 08:05 1227462                    /usr/lib/jvm/java-8-oracle/jre/lib/amd64/libjava.so
7fc1b6189000-7fc1b6196000 r-xp 00000000 08:05 1227458                    /usr/lib/jvm/java-8-oracle/jre/lib/amd64/libverify.so
7fc1b6196000-7fc1b6396000 ---p 0000d000 08:05 1227458                    /usr/lib/jvm/java-8-oracle/jre/lib/amd64/libverify.so
7fc1b6396000-7fc1b6398000 rw-p 0000d000 08:05 1227458                    /usr/lib/jvm/java-8-oracle/jre/lib/amd64/libverify.so
7fc1b6398000-7fc1b639f000 r-xp 00000000 08:05 810752                     /lib/x86_64-linux-gnu/librt-2.19.so
7fc1b639f000-7fc1b659e000 ---p 00007000 08:05 810752                     /lib/x86_64-linux-gnu/librt-2.19.so
7fc1b659e000-7fc1b659f000 r--p 00006000 08:05 810752                     /lib/x86_64-linux-gnu/librt-2.19.so
7fc1b659f000-7fc1b65a0000 rw-p 00007000 08:05 810752                     /lib/x86_64-linux-gnu/librt-2.19.so
7fc1b65a0000-7fc1b66a5000 r-xp 00000000 08:05 803967                     /lib/x86_64-linux-gnu/libm-2.19.so
7fc1b66a5000-7fc1b68a4000 ---p 00105000 08:05 803967                     /lib/x86_64-linux-gnu/libm-2.19.so
7fc1b68a4000-7fc1b68a5000 r--p 00104000 08:05 803967                     /lib/x86_64-linux-gnu/libm-2.19.so
7fc1b68a5000-7fc1b68a6000 rw-p 00105000 08:05 803967                     /lib/x86_64-linux-gnu/libm-2.19.so
7fc1b68a6000-7fc1b74c0000 r-xp 00000000 08:05 1227466                    /usr/lib/jvm/java-8-oracle/jre/lib/amd64/server/libjvm.so
7fc1b74c0000-7fc1b76bf000 ---p 00c1a000 08:05 1227466                    /usr/lib/jvm/java-8-oracle/jre/lib/amd64/server/libjvm.so
7fc1b76bf000-7fc1b7788000 rw-p 00c19000 08:05 1227466                    /usr/lib/jvm/java-8-oracle/jre/lib/amd64/server/libjvm.so
7fc1b7788000-7fc1b77c9000 rw-p 00000000 00:00 0 
7fc1b77c9000-7fc1b7985000 r-xp 00000000 08:05 802284                     /lib/x86_64-linux-gnu/libc-2.19.so
7fc1b7985000-7fc1b7b84000 ---p 001bc000 08:05 802284                     /lib/x86_64-linux-gnu/libc-2.19.so
7fc1b7b84000-7fc1b7b88000 r--p 001bb000 08:05 802284                     /lib/x86_64-linux-gnu/libc-2.19.so
7fc1b7b88000-7fc1b7b8a000 rw-p 001bf000 08:05 802284                     /lib/x86_64-linux-gnu/libc-2.19.so
7fc1b7b8a000-7fc1b7b8f000 rw-p 00000000 00:00 0 
7fc1b7b8f000-7fc1b7b92000 r-xp 00000000 08:05 810320                     /lib/x86_64-linux-gnu/libdl-2.19.so
7fc1b7b92000-7fc1b7d91000 ---p 00003000 08:05 810320                     /lib/x86_64-linux-gnu/libdl-2.19.so
7fc1b7d91000-7fc1b7d92000 r--p 00002000 08:05 810320                     /lib/x86_64-linux-gnu/libdl-2.19.so
7fc1b7d92000-7fc1b7d93000 rw-p 00003000 08:05 810320                     /lib/x86_64-linux-gnu/libdl-2.19.so
7fc1b7d93000-7fc1b7daa000 r-xp 00000000 08:05 1331102                    /usr/lib/jvm/java-8-oracle/lib/amd64/jli/libjli.so
7fc1b7daa000-7fc1b7fa9000 ---p 00017000 08:05 1331102                    /usr/lib/jvm/java-8-oracle/lib/amd64/jli/libjli.so
7fc1b7fa9000-7fc1b7faa000 rw-p 00016000 08:05 1331102                    /usr/lib/jvm/java-8-oracle/lib/amd64/jli/libjli.so
7fc1b7faa000-7fc1b7fc3000 r-xp 00000000 08:05 810711                     /lib/x86_64-linux-gnu/libpthread-2.19.so
7fc1b7fc3000-7fc1b81c2000 ---p 00019000 08:05 810711                     /lib/x86_64-linux-gnu/libpthread-2.19.so
7fc1b81c2000-7fc1b81c3000 r--p 00018000 08:05 810711                     /lib/x86_64-linux-gnu/libpthread-2.19.so
7fc1b81c3000-7fc1b81c4000 rw-p 00019000 08:05 810711                     /lib/x86_64-linux-gnu/libpthread-2.19.so
7fc1b81c4000-7fc1b81c8000 rw-p 00000000 00:00 0 
7fc1b81c8000-7fc1b81eb000 r-xp 00000000 08:05 802279                     /lib/x86_64-linux-gnu/ld-2.19.so
7fc1b8206000-7fc1b82b2000 rw-p 00000000 00:00 0 
7fc1b82b2000-7fc1b82b5000 ---p 00000000 00:00 0 
7fc1b82b5000-7fc1b83de000 rw-p 00000000 00:00 0                          [stack:17242]
7fc1b83de000-7fc1b83e6000 rw-s 00000000 08:05 794903                     /tmp/hsperfdata_phoenamandre/17237
7fc1b83e6000-7fc1b83e7000 rw-p 00000000 00:00 0 
7fc1b83e7000-7fc1b83e8000 r--p 00000000 00:00 0 
7fc1b83e8000-7fc1b83ea000 rw-p 00000000 00:00 0 
7fc1b83ea000-7fc1b83eb000 r--p 00022000 08:05 802279                     /lib/x86_64-linux-gnu/ld-2.19.so
7fc1b83eb000-7fc1b83ec000 rw-p 00023000 08:05 802279                     /lib/x86_64-linux-gnu/ld-2.19.so
7fc1b83ec000-7fc1b83ed000 rw-p 00000000 00:00 0 
7fff006b7000-7fff006d9000 rw-p 00000000 00:00 0                          [stack]
7fff00765000-7fff00767000 r-xp 00000000 00:00 0                          [vdso]
ffffffffff600000-ffffffffff601000 r-xp 00000000 00:00 0                  [vsyscall]

VM Arguments:
jvm_args: -Dfile.encoding=UTF-8 -Xbootclasspath:/home/phoenamandre/Downloads/adt-bundle-linux-x86_64-20140321/sdk/platforms/android-19/android.jar 
java_command: hubic.Access
java_class_path (initial): /home/phoenamandre/workspaceAndroid/HubicSync/bin/classes:/home/phoenamandre/workspaceAndroid/HubicSync/libs/android-support-v4.jar
Launcher Type: SUN_STANDARD

Environment Variables:
PATH=/usr/local/sbin:/usr/local/bin:/usr/sbin:/usr/bin:/sbin:/bin:/usr/games:/usr/local/games
SHELL=/bin/bash
DISPLAY=:0

Signal Handlers:
SIGSEGV: [libjvm.so+0xa2fc90], sa_mask[0]=0x7ffbfeff, sa_flags=0x10000004
SIGBUS: [libjvm.so+0xa2fc90], sa_mask[0]=0x7ffbfeff, sa_flags=0x10000004
SIGFPE: [libjvm.so+0x89b4b0], sa_mask[0]=0x7ffbfeff, sa_flags=0x10000004
SIGPIPE: [libjvm.so+0x89b4b0], sa_mask[0]=0x7ffbfeff, sa_flags=0x10000004
SIGXFSZ: [libjvm.so+0x89b4b0], sa_mask[0]=0x7ffbfeff, sa_flags=0x10000004
SIGILL: [libjvm.so+0x89b4b0], sa_mask[0]=0x7ffbfeff, sa_flags=0x10000004
SIGUSR1: SIG_DFL, sa_mask[0]=0x00000000, sa_flags=0x00000000
SIGUSR2: [libjvm.so+0x89cc50], sa_mask[0]=0x00000004, sa_flags=0x10000004
SIGHUP: SIG_DFL, sa_mask[0]=0x00000000, sa_flags=0x00000000
SIGINT: SIG_DFL, sa_mask[0]=0x00000000, sa_flags=0x00000000
SIGTERM: SIG_DFL, sa_mask[0]=0x00000000, sa_flags=0x00000000
SIGQUIT: SIG_DFL, sa_mask[0]=0x00000000, sa_flags=0x00000000


---------------  S Y S T E M  ---------------

OS:DISTRIB_ID=Ubuntu
DISTRIB_RELEASE=14.04
DISTRIB_CODENAME=trusty
DISTRIB_DESCRIPTION="Ubuntu 14.04 LTS"

uname:Linux 3.13.0-27-generic #50-Ubuntu SMP Thu May 15 18:06:16 UTC 2014 x86_64
libc:glibc 2.19 NPTL 2.19 
rlimit: STACK 8192k, CORE 0k, NPROC 62739, NOFILE 4096, AS infinity
load average:1.05 0.85 0.86

/proc/meminfo:
MemTotal:        8059864 kB
MemFree:          805368 kB
Buffers:          518640 kB
Cached:          2315332 kB
SwapCached:            0 kB
Active:          4648376 kB
Inactive:        2126272 kB
Active(anon):    3978944 kB
Inactive(anon):  1049888 kB
Active(file):     669432 kB
Inactive(file):  1076384 kB
Unevictable:         160 kB
Mlocked:             160 kB
SwapTotal:             0 kB
SwapFree:              0 kB
Dirty:               268 kB
Writeback:             0 kB
AnonPages:       3941112 kB
Mapped:           463996 kB
Shmem:           1088112 kB
Slab:             273756 kB
SReclaimable:     167056 kB
SUnreclaim:       106700 kB
KernelStack:        8000 kB
PageTables:        73352 kB
NFS_Unstable:          0 kB
Bounce:                0 kB
WritebackTmp:          0 kB
CommitLimit:     4029932 kB
Committed_AS:   11237512 kB
VmallocTotal:   34359738367 kB
VmallocUsed:      365472 kB
VmallocChunk:   34359351676 kB
HardwareCorrupted:     0 kB
AnonHugePages:    727040 kB
HugePages_Total:       0
HugePages_Free:        0
HugePages_Rsvd:        0
HugePages_Surp:        0
Hugepagesize:       2048 kB
DirectMap4k:      319732 kB
DirectMap2M:     7952384 kB


CPU:total 8 (4 cores per cpu, 2 threads per core) family 6 model 58 stepping 9, cmov, cx8, fxsr, mmx, sse, sse2, sse3, ssse3, sse4.1, sse4.2, popcnt, avx, aes, clmul, erms, ht, tsc, tscinvbit

/proc/cpuinfo:
processor	: 0
vendor_id	: GenuineIntel
cpu family	: 6
model		: 58
model name	: Intel(R) Core(TM) i7-3610QM CPU @ 2.30GHz
stepping	: 9
microcode	: 0x10
cpu MHz		: 2100.000
cache size	: 6144 KB
physical id	: 0
siblings	: 8
core id		: 0
cpu cores	: 4
apicid		: 0
initial apicid	: 0
fpu		: yes
fpu_exception	: yes
cpuid level	: 13
wp		: yes
flags		: fpu vme de pse tsc msr pae mce cx8 apic sep mtrr pge mca cmov pat pse36 clflush dts acpi mmx fxsr sse sse2 ss ht tm pbe syscall nx rdtscp lm constant_tsc arch_perfmon pebs bts rep_good nopl xtopology nonstop_tsc aperfmperf eagerfpu pni pclmulqdq dtes64 monitor ds_cpl vmx est tm2 ssse3 cx16 xtpr pdcm pcid sse4_1 sse4_2 x2apic popcnt tsc_deadline_timer aes xsave avx f16c rdrand lahf_lm ida arat epb xsaveopt pln pts dtherm tpr_shadow vnmi flexpriority ept vpid fsgsbase smep erms
bogomips	: 4589.72
clflush size	: 64
cache_alignment	: 64
address sizes	: 36 bits physical, 48 bits virtual
power management:

processor	: 1
vendor_id	: GenuineIntel
cpu family	: 6
model		: 58
model name	: Intel(R) Core(TM) i7-3610QM CPU @ 2.30GHz
stepping	: 9
microcode	: 0x10
cpu MHz		: 1400.000
cache size	: 6144 KB
physical id	: 0
siblings	: 8
core id		: 1
cpu cores	: 4
apicid		: 2
initial apicid	: 2
fpu		: yes
fpu_exception	: yes
cpuid level	: 13
wp		: yes
flags		: fpu vme de pse tsc msr pae mce cx8 apic sep mtrr pge mca cmov pat pse36 clflush dts acpi mmx fxsr sse sse2 ss ht tm pbe syscall nx rdtscp lm constant_tsc arch_perfmon pebs bts rep_good nopl xtopology nonstop_tsc aperfmperf eagerfpu pni pclmulqdq dtes64 monitor ds_cpl vmx est tm2 ssse3 cx16 xtpr pdcm pcid sse4_1 sse4_2 x2apic popcnt tsc_deadline_timer aes xsave avx f16c rdrand lahf_lm ida arat epb xsaveopt pln pts dtherm tpr_shadow vnmi flexpriority ept vpid fsgsbase smep erms
bogomips	: 4589.72
clflush size	: 64
cache_alignment	: 64
address sizes	: 36 bits physical, 48 bits virtual
power management:

processor	: 2
vendor_id	: GenuineIntel
cpu family	: 6
model		: 58
model name	: Intel(R) Core(TM) i7-3610QM CPU @ 2.30GHz
stepping	: 9
microcode	: 0x10
cpu MHz		: 2200.000
cache size	: 6144 KB
physical id	: 0
siblings	: 8
core id		: 2
cpu cores	: 4
apicid		: 4
initial apicid	: 4
fpu		: yes
fpu_exception	: yes
cpuid level	: 13
wp		: yes
flags		: fpu vme de pse tsc msr pae mce cx8 apic sep mtrr pge mca cmov pat pse36 clflush dts acpi mmx fxsr sse sse2 ss ht tm pbe syscall nx rdtscp lm constant_tsc arch_perfmon pebs bts rep_good nopl xtopology nonstop_tsc aperfmperf eagerfpu pni pclmulqdq dtes64 monitor ds_cpl vmx est tm2 ssse3 cx16 xtpr pdcm pcid sse4_1 sse4_2 x2apic popcnt tsc_deadline_timer aes xsave avx f16c rdrand lahf_lm ida arat epb xsaveopt pln pts dtherm tpr_shadow vnmi flexpriority ept vpid fsgsbase smep erms
bogomips	: 4589.72
clflush size	: 64
cache_alignment	: 64
address sizes	: 36 bits physical, 48 bits virtual
power management:

processor	: 3
vendor_id	: GenuineIntel
cpu family	: 6
model		: 58
model name	: Intel(R) Core(TM) i7-3610QM CPU @ 2.30GHz
stepping	: 9
microcode	: 0x10
cpu MHz		: 2301.000
cache size	: 6144 KB
physical id	: 0
siblings	: 8
core id		: 3
cpu cores	: 4
apicid		: 6
initial apicid	: 6
fpu		: yes
fpu_exception	: yes
cpuid level	: 13
wp		: yes
flags		: fpu vme de pse tsc msr pae mce cx8 apic sep mtrr pge mca cmov pat pse36 clflush dts acpi mmx fxsr sse sse2 ss ht tm pbe syscall nx rdtscp lm constant_tsc arch_perfmon pebs bts rep_good nopl xtopology nonstop_tsc aperfmperf eagerfpu pni pclmulqdq dtes64 monitor ds_cpl vmx est tm2 ssse3 cx16 xtpr pdcm pcid sse4_1 sse4_2 x2apic popcnt tsc_deadline_timer aes xsave avx f16c rdrand lahf_lm ida arat epb xsaveopt pln pts dtherm tpr_shadow vnmi flexpriority ept vpid fsgsbase smep erms
bogomips	: 4589.72
clflush size	: 64
cache_alignment	: 64
address sizes	: 36 bits physical, 48 bits virtual
power management:

processor	: 4
vendor_id	: GenuineIntel
cpu family	: 6
model		: 58
model name	: Intel(R) Core(TM) i7-3610QM CPU @ 2.30GHz
stepping	: 9
microcode	: 0x10
cpu MHz		: 2301.000
cache size	: 6144 KB
physical id	: 0
siblings	: 8
core id		: 0
cpu cores	: 4
apicid		: 1
initial apicid	: 1
fpu		: yes
fpu_exception	: yes
cpuid level	: 13
wp		: yes
flags		: fpu vme de pse tsc msr pae mce cx8 apic sep mtrr pge mca cmov pat pse36 clflush dts acpi mmx fxsr sse sse2 ss ht tm pbe syscall nx rdtscp lm constant_tsc arch_perfmon pebs bts rep_good nopl xtopology nonstop_tsc aperfmperf eagerfpu pni pclmulqdq dtes64 monitor ds_cpl vmx est tm2 ssse3 cx16 xtpr pdcm pcid sse4_1 sse4_2 x2apic popcnt tsc_deadline_timer aes xsave avx f16c rdrand lahf_lm ida arat epb xsaveopt pln pts dtherm tpr_shadow vnmi flexpriority ept vpid fsgsbase smep erms
bogomips	: 4589.72
clflush size	: 64
cache_alignment	: 64
address sizes	: 36 bits physical, 48 bits virtual
power management:

processor	: 5
vendor_id	: GenuineIntel
cpu family	: 6
model		: 58
model name	: Intel(R) Core(TM) i7-3610QM CPU @ 2.30GHz
stepping	: 9
microcode	: 0x10
cpu MHz		: 1500.000
cache size	: 6144 KB
physical id	: 0
siblings	: 8
core id		: 1
cpu cores	: 4
apicid		: 3
initial apicid	: 3
fpu		: yes
fpu_exception	: yes
cpuid level	: 13
wp		: yes
flags		: fpu vme de pse tsc msr pae mce cx8 apic sep mtrr pge mca cmov pat pse36 clflush dts acpi mmx fxsr sse sse2 ss ht tm pbe syscall nx rdtscp lm constant_tsc arch_perfmon pebs bts rep_good nopl xtopology nonstop_tsc aperfmperf eagerfpu pni pclmulqdq dtes64 monitor ds_cpl vmx est tm2 ssse3 cx16 xtpr pdcm pcid sse4_1 sse4_2 x2apic popcnt tsc_deadline_timer aes xsave avx f16c rdrand lahf_lm ida arat epb xsaveopt pln pts dtherm tpr_shadow vnmi flexpriority ept vpid fsgsbase smep erms
bogomips	: 4589.72
clflush size	: 64
cache_alignment	: 64
address sizes	: 36 bits physical, 48 bits virtual
power management:

processor	: 6
vendor_id	: GenuineIntel
cpu family	: 6
model		: 58
model name	: Intel(R) Core(TM) i7-3610QM CPU @ 2.30GHz
stepping	: 9
microcode	: 0x10
cpu MHz		: 2301.000
cache size	: 6144 KB
physical id	: 0
siblings	: 8
core id		: 2
cpu cores	: 4
apicid		: 5
initial apicid	: 5
fpu		: yes
fpu_exception	: yes
cpuid level	: 13
wp		: yes
flags		: fpu vme de pse tsc msr pae mce cx8 apic sep mtrr pge mca cmov pat pse36 clflush dts acpi mmx fxsr sse sse2 ss ht tm pbe syscall nx rdtscp lm constant_tsc arch_perfmon pebs bts rep_good nopl xtopology nonstop_tsc aperfmperf eagerfpu pni pclmulqdq dtes64 monitor ds_cpl vmx est tm2 ssse3 cx16 xtpr pdcm pcid sse4_1 sse4_2 x2apic popcnt tsc_deadline_timer aes xsave avx f16c rdrand lahf_lm ida arat epb xsaveopt pln pts dtherm tpr_shadow vnmi flexpriority ept vpid fsgsbase smep erms
bogomips	: 4589.72
clflush size	: 64
cache_alignment	: 64
address sizes	: 36 bits physical, 48 bits virtual
power management:

processor	: 7
vendor_id	: GenuineIntel
cpu family	: 6
model		: 58
model name	: Intel(R) Core(TM) i7-3610QM CPU @ 2.30GHz
stepping	: 9
microcode	: 0x10
cpu MHz		: 1200.000
cache size	: 6144 KB
physical id	: 0
siblings	: 8
core id		: 3
cpu cores	: 4
apicid		: 7
initial apicid	: 7
fpu		: yes
fpu_exception	: yes
cpuid level	: 13
wp		: yes
flags		: fpu vme de pse tsc msr pae mce cx8 apic sep mtrr pge mca cmov pat pse36 clflush dts acpi mmx fxsr sse sse2 ss ht tm pbe syscall nx rdtscp lm constant_tsc arch_perfmon pebs bts rep_good nopl xtopology nonstop_tsc aperfmperf eagerfpu pni pclmulqdq dtes64 monitor ds_cpl vmx est tm2 ssse3 cx16 xtpr pdcm pcid sse4_1 sse4_2 x2apic popcnt tsc_deadline_timer aes xsave avx f16c rdrand lahf_lm ida arat epb xsaveopt pln pts dtherm tpr_shadow vnmi flexpriority ept vpid fsgsbase smep erms
bogomips	: 4589.72
clflush size	: 64
cache_alignment	: 64
address sizes	: 36 bits physical, 48 bits virtual
power management:



Memory: 4k page, physical 8059864k(805368k free), swap 0k(0k free)

vm_info: Java HotSpot(TM) 64-Bit Server VM (25.5-b02) for linux-amd64 JRE (1.8.0_05-b13), built on Mar 18 2014 00:29:27 by "java_re" with gcc 4.3.0 20080428 (Red Hat 4.3.0-8)

time: Wed Jun 18 00:41:39 2014
elapsed time: 0 seconds

