#
# A fatal error has been detected by the Java Runtime Environment:
#
#  Internal Error (javaClasses.cpp:124), pid=17164, tid=140406230189824
#  fatal error: Invalid layout of preloaded class
#
# JRE version:  (8.0_05-b13) (build )
# Java VM: Java HotSpot(TM) 64-Bit Server VM (25.5-b02 mixed mode linux-amd64 compressed oops)
# Failed to write core dump. Core dumps have been disabled. To enable core dumping, try "ulimit -c unlimited" before starting Java again
#
# If you would like to submit a bug report, please visit:
#   http://bugreport.sun.com/bugreport/crash.jsp
#

---------------  T H R E A D  ---------------

Current thread (0x00007fb2d800a000):  JavaThread "Unknown thread" [_thread_in_vm, id=17169, stack(0x00007fb2df698000,0x00007fb2df799000)]

Stack: [0x00007fb2df698000,0x00007fb2df799000],  sp=0x00007fb2df797810,  free space=1022k
Native frames: (J=compiled Java code, j=interpreted, Vv=VM code, C=native code)
V  [libjvm.so+0xa2f43a]  VMError::report_and_die()+0x2ca
V  [libjvm.so+0x4b2809]  report_fatal(char const*, int, char const*)+0x59
V  [libjvm.so+0x63016c]  compute_offset(int&, Klass*, Symbol*, Symbol*, bool)+0x20c
V  [libjvm.so+0x630f19]  java_lang_String::compute_offsets()+0x39
V  [libjvm.so+0x9aeb46]  SystemDictionary::initialize_preloaded_classes(Thread*)+0x86
V  [libjvm.so+0x9fc79c]  Universe::genesis(Thread*)+0x3cc
V  [libjvm.so+0x9fca4c]  universe2_init()+0x2c
V  [libjvm.so+0x5d461d]  init_globals()+0xbd
V  [libjvm.so+0x9e44ad]  Threads::create_vm(JavaVMInitArgs*, bool*)+0x24d
V  [libjvm.so+0x6659f4]  JNI_CreateJavaVM+0x74
C  [libjli.so+0x703e]  JavaMain+0x9e


---------------  P R O C E S S  ---------------

Java Threads: ( => current thread )

Other Threads:

=>0x00007fb2d800a000 (exited) JavaThread "Unknown thread" [_thread_in_vm, id=17169, stack(0x00007fb2df698000,0x00007fb2df799000)]

VM state:not at safepoint (not fully initialized)

VM Mutex/Monitor currently owned by a thread: None

GC Heap History (0 events):
No events

Deoptimization events (0 events):
No events

Internal exceptions (0 events):
No events

Events (10 events):
Event: 0.008 loading class java/lang/CharSequence done
Event: 0.008 loading class java/lang/String done
Event: 0.008 loading class java/lang/Class
Event: 0.008 loading class java/lang/reflect/AnnotatedElement
Event: 0.008 loading class java/lang/reflect/AnnotatedElement done
Event: 0.008 loading class java/lang/reflect/GenericDeclaration
Event: 0.008 loading class java/lang/reflect/GenericDeclaration done
Event: 0.008 loading class java/lang/reflect/Type
Event: 0.008 loading class java/lang/reflect/Type done
Event: 0.008 loading class java/lang/Class done


Dynamic libraries:
00400000-00401000 r-xp 00000000 08:05 1228064                            /usr/lib/jvm/java-8-oracle/bin/java
00600000-00601000 rw-p 00000000 08:05 1228064                            /usr/lib/jvm/java-8-oracle/bin/java
01324000-01345000 rw-p 00000000 00:00 0                                  [heap]
85000000-8ca80000 rw-p 00000000 00:00 0 
8ca80000-d7000000 ---p 00000000 00:00 0 
d7000000-d7180000 rw-p 00000000 00:00 0 
d7180000-100000000 ---p 00000000 00:00 0 
100000000-100060000 rw-p 00000000 00:00 0 
100060000-140000000 ---p 00000000 00:00 0 
7fb2a3800000-7fb2a3c00000 rw-p 00000000 00:00 0 
7fb2a3c00000-7fb2a4000000 ---p 00000000 00:00 0 
7fb2a4000000-7fb2a4021000 rw-p 00000000 00:00 0 
7fb2a4021000-7fb2a8000000 ---p 00000000 00:00 0 
7fb2a80ff000-7fb2ac000000 rw-p 00000000 00:00 0 
7fb2ac000000-7fb2ac021000 rw-p 00000000 00:00 0 
7fb2ac021000-7fb2b0000000 ---p 00000000 00:00 0 
7fb2b0000000-7fb2b0021000 rw-p 00000000 00:00 0 
7fb2b0021000-7fb2b4000000 ---p 00000000 00:00 0 
7fb2b4000000-7fb2b4021000 rw-p 00000000 00:00 0 
7fb2b4021000-7fb2b8000000 ---p 00000000 00:00 0 
7fb2b8000000-7fb2b8021000 rw-p 00000000 00:00 0 
7fb2b8021000-7fb2bc000000 ---p 00000000 00:00 0 
7fb2bc000000-7fb2bc021000 rw-p 00000000 00:00 0 
7fb2bc021000-7fb2c0000000 ---p 00000000 00:00 0 
7fb2c0000000-7fb2c0021000 rw-p 00000000 00:00 0 
7fb2c0021000-7fb2c4000000 ---p 00000000 00:00 0 
7fb2c4000000-7fb2c4021000 rw-p 00000000 00:00 0 
7fb2c4021000-7fb2c8000000 ---p 00000000 00:00 0 
7fb2c805d000-7fb2c8144000 rw-p 00000000 00:00 0 
7fb2c8144000-7fb2c821b000 r--s 013fe000 08:05 732018                     /home/phoenamandre/Downloads/adt-bundle-linux-x86_64-20140321/sdk/platforms/android-19/android.jar
7fb2c821b000-7fb2c8669000 rw-p 00000000 00:00 0 
7fb2c8669000-7fb2c866a000 ---p 00000000 00:00 0 
7fb2c866a000-7fb2c876a000 rw-p 00000000 00:00 0                          [stack:17177]
7fb2c876a000-7fb2c876b000 ---p 00000000 00:00 0 
7fb2c876b000-7fb2c886b000 rw-p 00000000 00:00 0                          [stack:17176]
7fb2c886b000-7fb2c886c000 ---p 00000000 00:00 0 
7fb2c886c000-7fb2c896c000 rw-p 00000000 00:00 0                          [stack:17175]
7fb2c896c000-7fb2c896d000 ---p 00000000 00:00 0 
7fb2c896d000-7fb2c8a6d000 rw-p 00000000 00:00 0                          [stack:17174]
7fb2c8a6d000-7fb2c8a6e000 ---p 00000000 00:00 0 
7fb2c8a6e000-7fb2c8b6e000 rw-p 00000000 00:00 0                          [stack:17173]
7fb2c8b6e000-7fb2c8b6f000 ---p 00000000 00:00 0 
7fb2c8b6f000-7fb2c8c6f000 rw-p 00000000 00:00 0                          [stack:17172]
7fb2c8c6f000-7fb2c8c70000 ---p 00000000 00:00 0 
7fb2c8c70000-7fb2c8dae000 rw-p 00000000 00:00 0                          [stack:17171]
7fb2c8dae000-7fb2c9000000 ---p 00000000 00:00 0 
7fb2c9000000-7fb2c9270000 rwxp 00000000 00:00 0 
7fb2c9270000-7fb2d8000000 ---p 00000000 00:00 0 
7fb2d8000000-7fb2d8058000 rw-p 00000000 00:00 0 
7fb2d8058000-7fb2dc000000 ---p 00000000 00:00 0 
7fb2dc051000-7fb2dc052000 ---p 00000000 00:00 0 
7fb2dc052000-7fb2dc190000 rw-p 00000000 00:00 0                          [stack:17170]
7fb2dc190000-7fb2dc3e2000 ---p 00000000 00:00 0 
7fb2dc3e2000-7fb2dc3e3000 rw-p 00000000 00:00 0 
7fb2dc3e3000-7fb2dc52a000 ---p 00000000 00:00 0 
7fb2dc52a000-7fb2dc535000 rw-p 00000000 00:00 0 
7fb2dc535000-7fb2dc8eb000 ---p 00000000 00:00 0 
7fb2dc8eb000-7fb2dc907000 r-xp 00000000 08:05 1227469                    /usr/lib/jvm/java-8-oracle/jre/lib/amd64/libzip.so
7fb2dc907000-7fb2dcb06000 ---p 0001c000 08:05 1227469                    /usr/lib/jvm/java-8-oracle/jre/lib/amd64/libzip.so
7fb2dcb06000-7fb2dcb07000 rw-p 0001b000 08:05 1227469                    /usr/lib/jvm/java-8-oracle/jre/lib/amd64/libzip.so
7fb2dcb07000-7fb2dcb12000 r-xp 00000000 08:05 802946                     /lib/x86_64-linux-gnu/libnss_files-2.19.so
7fb2dcb12000-7fb2dcd11000 ---p 0000b000 08:05 802946                     /lib/x86_64-linux-gnu/libnss_files-2.19.so
7fb2dcd11000-7fb2dcd12000 r--p 0000a000 08:05 802946                     /lib/x86_64-linux-gnu/libnss_files-2.19.so
7fb2dcd12000-7fb2dcd13000 rw-p 0000b000 08:05 802946                     /lib/x86_64-linux-gnu/libnss_files-2.19.so
7fb2dcd13000-7fb2dcd1e000 r-xp 00000000 08:05 809856                     /lib/x86_64-linux-gnu/libnss_nis-2.19.so
7fb2dcd1e000-7fb2dcf1d000 ---p 0000b000 08:05 809856                     /lib/x86_64-linux-gnu/libnss_nis-2.19.so
7fb2dcf1d000-7fb2dcf1e000 r--p 0000a000 08:05 809856                     /lib/x86_64-linux-gnu/libnss_nis-2.19.so
7fb2dcf1e000-7fb2dcf1f000 rw-p 0000b000 08:05 809856                     /lib/x86_64-linux-gnu/libnss_nis-2.19.so
7fb2dcf1f000-7fb2dcf36000 r-xp 00000000 08:05 809810                     /lib/x86_64-linux-gnu/libnsl-2.19.so
7fb2dcf36000-7fb2dd135000 ---p 00017000 08:05 809810                     /lib/x86_64-linux-gnu/libnsl-2.19.so
7fb2dd135000-7fb2dd136000 r--p 00016000 08:05 809810                     /lib/x86_64-linux-gnu/libnsl-2.19.so
7fb2dd136000-7fb2dd137000 rw-p 00017000 08:05 809810                     /lib/x86_64-linux-gnu/libnsl-2.19.so
7fb2dd137000-7fb2dd139000 rw-p 00000000 00:00 0 
7fb2dd139000-7fb2dd142000 r-xp 00000000 08:05 809875                     /lib/x86_64-linux-gnu/libnss_compat-2.19.so
7fb2dd142000-7fb2dd341000 ---p 00009000 08:05 809875                     /lib/x86_64-linux-gnu/libnss_compat-2.19.so
7fb2dd341000-7fb2dd342000 r--p 00008000 08:05 809875                     /lib/x86_64-linux-gnu/libnss_compat-2.19.so
7fb2dd342000-7fb2dd343000 rw-p 00009000 08:05 809875                     /lib/x86_64-linux-gnu/libnss_compat-2.19.so
7fb2dd343000-7fb2dd36d000 r-xp 00000000 08:05 1227462                    /usr/lib/jvm/java-8-oracle/jre/lib/amd64/libjava.so
7fb2dd36d000-7fb2dd56d000 ---p 0002a000 08:05 1227462                    /usr/lib/jvm/java-8-oracle/jre/lib/amd64/libjava.so
7fb2dd56d000-7fb2dd56f000 rw-p 0002a000 08:05 1227462                    /usr/lib/jvm/java-8-oracle/jre/lib/amd64/libjava.so
7fb2dd56f000-7fb2dd57c000 r-xp 00000000 08:05 1227458                    /usr/lib/jvm/java-8-oracle/jre/lib/amd64/libverify.so
7fb2dd57c000-7fb2dd77c000 ---p 0000d000 08:05 1227458                    /usr/lib/jvm/java-8-oracle/jre/lib/amd64/libverify.so
7fb2dd77c000-7fb2dd77e000 rw-p 0000d000 08:05 1227458                    /usr/lib/jvm/java-8-oracle/jre/lib/amd64/libverify.so
7fb2dd77e000-7fb2dd785000 r-xp 00000000 08:05 810752                     /lib/x86_64-linux-gnu/librt-2.19.so
7fb2dd785000-7fb2dd984000 ---p 00007000 08:05 810752                     /lib/x86_64-linux-gnu/librt-2.19.so
7fb2dd984000-7fb2dd985000 r--p 00006000 08:05 810752                     /lib/x86_64-linux-gnu/librt-2.19.so
7fb2dd985000-7fb2dd986000 rw-p 00007000 08:05 810752                     /lib/x86_64-linux-gnu/librt-2.19.so
7fb2dd986000-7fb2dda8b000 r-xp 00000000 08:05 803967                     /lib/x86_64-linux-gnu/libm-2.19.so
7fb2dda8b000-7fb2ddc8a000 ---p 00105000 08:05 803967                     /lib/x86_64-linux-gnu/libm-2.19.so
7fb2ddc8a000-7fb2ddc8b000 r--p 00104000 08:05 803967                     /lib/x86_64-linux-gnu/libm-2.19.so
7fb2ddc8b000-7fb2ddc8c000 rw-p 00105000 08:05 803967                     /lib/x86_64-linux-gnu/libm-2.19.so
7fb2ddc8c000-7fb2de8a6000 r-xp 00000000 08:05 1227466                    /usr/lib/jvm/java-8-oracle/jre/lib/amd64/server/libjvm.so
7fb2de8a6000-7fb2deaa5000 ---p 00c1a000 08:05 1227466                    /usr/lib/jvm/java-8-oracle/jre/lib/amd64/server/libjvm.so
7fb2deaa5000-7fb2deb6e000 rw-p 00c19000 08:05 1227466                    /usr/lib/jvm/java-8-oracle/jre/lib/amd64/server/libjvm.so
7fb2deb6e000-7fb2debaf000 rw-p 00000000 00:00 0 
7fb2debaf000-7fb2ded6b000 r-xp 00000000 08:05 802284                     /lib/x86_64-linux-gnu/libc-2.19.so
7fb2ded6b000-7fb2def6a000 ---p 001bc000 08:05 802284                     /lib/x86_64-linux-gnu/libc-2.19.so
7fb2def6a000-7fb2def6e000 r--p 001bb000 08:05 802284                     /lib/x86_64-linux-gnu/libc-2.19.so
7fb2def6e000-7fb2def70000 rw-p 001bf000 08:05 802284                     /lib/x86_64-linux-gnu/libc-2.19.so
7fb2def70000-7fb2def75000 rw-p 00000000 00:00 0 
7fb2def75000-7fb2def78000 r-xp 00000000 08:05 810320                     /lib/x86_64-linux-gnu/libdl-2.19.so
7fb2def78000-7fb2df177000 ---p 00003000 08:05 810320                     /lib/x86_64-linux-gnu/libdl-2.19.so
7fb2df177000-7fb2df178000 r--p 00002000 08:05 810320                     /lib/x86_64-linux-gnu/libdl-2.19.so
7fb2df178000-7fb2df179000 rw-p 00003000 08:05 810320                     /lib/x86_64-linux-gnu/libdl-2.19.so
7fb2df179000-7fb2df190000 r-xp 00000000 08:05 1331102                    /usr/lib/jvm/java-8-oracle/lib/amd64/jli/libjli.so
7fb2df190000-7fb2df38f000 ---p 00017000 08:05 1331102                    /usr/lib/jvm/java-8-oracle/lib/amd64/jli/libjli.so
7fb2df38f000-7fb2df390000 rw-p 00016000 08:05 1331102                    /usr/lib/jvm/java-8-oracle/lib/amd64/jli/libjli.so
7fb2df390000-7fb2df3a9000 r-xp 00000000 08:05 810711                     /lib/x86_64-linux-gnu/libpthread-2.19.so
7fb2df3a9000-7fb2df5a8000 ---p 00019000 08:05 810711                     /lib/x86_64-linux-gnu/libpthread-2.19.so
7fb2df5a8000-7fb2df5a9000 r--p 00018000 08:05 810711                     /lib/x86_64-linux-gnu/libpthread-2.19.so
7fb2df5a9000-7fb2df5aa000 rw-p 00019000 08:05 810711                     /lib/x86_64-linux-gnu/libpthread-2.19.so
7fb2df5aa000-7fb2df5ae000 rw-p 00000000 00:00 0 
7fb2df5ae000-7fb2df5d1000 r-xp 00000000 08:05 802279                     /lib/x86_64-linux-gnu/ld-2.19.so
7fb2df5ec000-7fb2df698000 rw-p 00000000 00:00 0 
7fb2df698000-7fb2df69b000 ---p 00000000 00:00 0 
7fb2df69b000-7fb2df7c4000 rw-p 00000000 00:00 0                          [stack:17169]
7fb2df7c4000-7fb2df7cc000 rw-s 00000000 08:05 796421                     /tmp/hsperfdata_phoenamandre/17164
7fb2df7cc000-7fb2df7cd000 rw-p 00000000 00:00 0 
7fb2df7cd000-7fb2df7ce000 r--p 00000000 00:00 0 
7fb2df7ce000-7fb2df7d0000 rw-p 00000000 00:00 0 
7fb2df7d0000-7fb2df7d1000 r--p 00022000 08:05 802279                     /lib/x86_64-linux-gnu/ld-2.19.so
7fb2df7d1000-7fb2df7d2000 rw-p 00023000 08:05 802279                     /lib/x86_64-linux-gnu/ld-2.19.so
7fb2df7d2000-7fb2df7d3000 rw-p 00000000 00:00 0 
7fff5850d000-7fff5852f000 rw-p 00000000 00:00 0                          [stack]
7fff585ed000-7fff585ef000 r-xp 00000000 00:00 0                          [vdso]
ffffffffff600000-ffffffffff601000 r-xp 00000000 00:00 0                  [vsyscall]

VM Arguments:
jvm_args: -Dfile.encoding=UTF-8 -Xbootclasspath:/home/phoenamandre/Downloads/adt-bundle-linux-x86_64-20140321/sdk/platforms/android-19/android.jar 
java_command: hubic.Access
java_class_path (initial): /home/phoenamandre/workspaceAndroid/HubicSync/bin/classes:/home/phoenamandre/workspaceAndroid/HubicSync/libs/android-support-v4.jar
Launcher Type: SUN_STANDARD

Environment Variables:
PATH=/usr/local/sbin:/usr/local/bin:/usr/sbin:/usr/bin:/sbin:/bin:/usr/games:/usr/local/games
SHELL=/bin/bash
DISPLAY=:0

Signal Handlers:
SIGSEGV: [libjvm.so+0xa2fc90], sa_mask[0]=0x7ffbfeff, sa_flags=0x10000004
SIGBUS: [libjvm.so+0xa2fc90], sa_mask[0]=0x7ffbfeff, sa_flags=0x10000004
SIGFPE: [libjvm.so+0x89b4b0], sa_mask[0]=0x7ffbfeff, sa_flags=0x10000004
SIGPIPE: [libjvm.so+0x89b4b0], sa_mask[0]=0x7ffbfeff, sa_flags=0x10000004
SIGXFSZ: [libjvm.so+0x89b4b0], sa_mask[0]=0x7ffbfeff, sa_flags=0x10000004
SIGILL: [libjvm.so+0x89b4b0], sa_mask[0]=0x7ffbfeff, sa_flags=0x10000004
SIGUSR1: SIG_DFL, sa_mask[0]=0x00000000, sa_flags=0x00000000
SIGUSR2: [libjvm.so+0x89cc50], sa_mask[0]=0x00000004, sa_flags=0x10000004
SIGHUP: SIG_DFL, sa_mask[0]=0x00000000, sa_flags=0x00000000
SIGINT: SIG_DFL, sa_mask[0]=0x00000000, sa_flags=0x00000000
SIGTERM: SIG_DFL, sa_mask[0]=0x00000000, sa_flags=0x00000000
SIGQUIT: SIG_DFL, sa_mask[0]=0x00000000, sa_flags=0x00000000


---------------  S Y S T E M  ---------------

OS:DISTRIB_ID=Ubuntu
DISTRIB_RELEASE=14.04
DISTRIB_CODENAME=trusty
DISTRIB_DESCRIPTION="Ubuntu 14.04 LTS"

uname:Linux 3.13.0-27-generic #50-Ubuntu SMP Thu May 15 18:06:16 UTC 2014 x86_64
libc:glibc 2.19 NPTL 2.19 
rlimit: STACK 8192k, CORE 0k, NPROC 62739, NOFILE 4096, AS infinity
load average:0.39 0.72 0.82

/proc/meminfo:
MemTotal:        8059864 kB
MemFree:          805108 kB
Buffers:          518104 kB
Cached:          2314112 kB
SwapCached:            0 kB
Active:          4650536 kB
Inactive:        2124724 kB
Active(anon):    3981256 kB
Inactive(anon):  1049908 kB
Active(file):     669280 kB
Inactive(file):  1074816 kB
Unevictable:         160 kB
Mlocked:             160 kB
SwapTotal:             0 kB
SwapFree:              0 kB
Dirty:               592 kB
Writeback:             0 kB
AnonPages:       3943564 kB
Mapped:           466652 kB
Shmem:           1088004 kB
Slab:             273652 kB
SReclaimable:     166964 kB
SUnreclaim:       106688 kB
KernelStack:        8032 kB
PageTables:        73212 kB
NFS_Unstable:          0 kB
Bounce:                0 kB
WritebackTmp:          0 kB
CommitLimit:     4029932 kB
Committed_AS:   11239908 kB
VmallocTotal:   34359738367 kB
VmallocUsed:      365472 kB
VmallocChunk:   34359351676 kB
HardwareCorrupted:     0 kB
AnonHugePages:    737280 kB
HugePages_Total:       0
HugePages_Free:        0
HugePages_Rsvd:        0
HugePages_Surp:        0
Hugepagesize:       2048 kB
DirectMap4k:      319732 kB
DirectMap2M:     7952384 kB


CPU:total 8 (4 cores per cpu, 2 threads per core) family 6 model 58 stepping 9, cmov, cx8, fxsr, mmx, sse, sse2, sse3, ssse3, sse4.1, sse4.2, popcnt, avx, aes, clmul, erms, ht, tsc, tscinvbit

/proc/cpuinfo:
processor	: 0
vendor_id	: GenuineIntel
cpu family	: 6
model		: 58
model name	: Intel(R) Core(TM) i7-3610QM CPU @ 2.30GHz
stepping	: 9
microcode	: 0x10
cpu MHz		: 2200.000
cache size	: 6144 KB
physical id	: 0
siblings	: 8
core id		: 0
cpu cores	: 4
apicid		: 0
initial apicid	: 0
fpu		: yes
fpu_exception	: yes
cpuid level	: 13
wp		: yes
flags		: fpu vme de pse tsc msr pae mce cx8 apic sep mtrr pge mca cmov pat pse36 clflush dts acpi mmx fxsr sse sse2 ss ht tm pbe syscall nx rdtscp lm constant_tsc arch_perfmon pebs bts rep_good nopl xtopology nonstop_tsc aperfmperf eagerfpu pni pclmulqdq dtes64 monitor ds_cpl vmx est tm2 ssse3 cx16 xtpr pdcm pcid sse4_1 sse4_2 x2apic popcnt tsc_deadline_timer aes xsave avx f16c rdrand lahf_lm ida arat epb xsaveopt pln pts dtherm tpr_shadow vnmi flexpriority ept vpid fsgsbase smep erms
bogomips	: 4589.72
clflush size	: 64
cache_alignment	: 64
address sizes	: 36 bits physical, 48 bits virtual
power management:

processor	: 1
vendor_id	: GenuineIntel
cpu family	: 6
model		: 58
model name	: Intel(R) Core(TM) i7-3610QM CPU @ 2.30GHz
stepping	: 9
microcode	: 0x10
cpu MHz		: 2000.000
cache size	: 6144 KB
physical id	: 0
siblings	: 8
core id		: 1
cpu cores	: 4
apicid		: 2
initial apicid	: 2
fpu		: yes
fpu_exception	: yes
cpuid level	: 13
wp		: yes
flags		: fpu vme de pse tsc msr pae mce cx8 apic sep mtrr pge mca cmov pat pse36 clflush dts acpi mmx fxsr sse sse2 ss ht tm pbe syscall nx rdtscp lm constant_tsc arch_perfmon pebs bts rep_good nopl xtopology nonstop_tsc aperfmperf eagerfpu pni pclmulqdq dtes64 monitor ds_cpl vmx est tm2 ssse3 cx16 xtpr pdcm pcid sse4_1 sse4_2 x2apic popcnt tsc_deadline_timer aes xsave avx f16c rdrand lahf_lm ida arat epb xsaveopt pln pts dtherm tpr_shadow vnmi flexpriority ept vpid fsgsbase smep erms
bogomips	: 4589.72
clflush size	: 64
cache_alignment	: 64
address sizes	: 36 bits physical, 48 bits virtual
power management:

processor	: 2
vendor_id	: GenuineIntel
cpu family	: 6
model		: 58
model name	: Intel(R) Core(TM) i7-3610QM CPU @ 2.30GHz
stepping	: 9
microcode	: 0x10
cpu MHz		: 2301.000
cache size	: 6144 KB
physical id	: 0
siblings	: 8
core id		: 2
cpu cores	: 4
apicid		: 4
initial apicid	: 4
fpu		: yes
fpu_exception	: yes
cpuid level	: 13
wp		: yes
flags		: fpu vme de pse tsc msr pae mce cx8 apic sep mtrr pge mca cmov pat pse36 clflush dts acpi mmx fxsr sse sse2 ss ht tm pbe syscall nx rdtscp lm constant_tsc arch_perfmon pebs bts rep_good nopl xtopology nonstop_tsc aperfmperf eagerfpu pni pclmulqdq dtes64 monitor ds_cpl vmx est tm2 ssse3 cx16 xtpr pdcm pcid sse4_1 sse4_2 x2apic popcnt tsc_deadline_timer aes xsave avx f16c rdrand lahf_lm ida arat epb xsaveopt pln pts dtherm tpr_shadow vnmi flexpriority ept vpid fsgsbase smep erms
bogomips	: 4589.72
clflush size	: 64
cache_alignment	: 64
address sizes	: 36 bits physical, 48 bits virtual
power management:

processor	: 3
vendor_id	: GenuineIntel
cpu family	: 6
model		: 58
model name	: Intel(R) Core(TM) i7-3610QM CPU @ 2.30GHz
stepping	: 9
microcode	: 0x10
cpu MHz		: 2301.000
cache size	: 6144 KB
physical id	: 0
siblings	: 8
core id		: 3
cpu cores	: 4
apicid		: 6
initial apicid	: 6
fpu		: yes
fpu_exception	: yes
cpuid level	: 13
wp		: yes
flags		: fpu vme de pse tsc msr pae mce cx8 apic sep mtrr pge mca cmov pat pse36 clflush dts acpi mmx fxsr sse sse2 ss ht tm pbe syscall nx rdtscp lm constant_tsc arch_perfmon pebs bts rep_good nopl xtopology nonstop_tsc aperfmperf eagerfpu pni pclmulqdq dtes64 monitor ds_cpl vmx est tm2 ssse3 cx16 xtpr pdcm pcid sse4_1 sse4_2 x2apic popcnt tsc_deadline_timer aes xsave avx f16c rdrand lahf_lm ida arat epb xsaveopt pln pts dtherm tpr_shadow vnmi flexpriority ept vpid fsgsbase smep erms
bogomips	: 4589.72
clflush size	: 64
cache_alignment	: 64
address sizes	: 36 bits physical, 48 bits virtual
power management:

processor	: 4
vendor_id	: GenuineIntel
cpu family	: 6
model		: 58
model name	: Intel(R) Core(TM) i7-3610QM CPU @ 2.30GHz
stepping	: 9
microcode	: 0x10
cpu MHz		: 2100.000
cache size	: 6144 KB
physical id	: 0
siblings	: 8
core id		: 0
cpu cores	: 4
apicid		: 1
initial apicid	: 1
fpu		: yes
fpu_exception	: yes
cpuid level	: 13
wp		: yes
flags		: fpu vme de pse tsc msr pae mce cx8 apic sep mtrr pge mca cmov pat pse36 clflush dts acpi mmx fxsr sse sse2 ss ht tm pbe syscall nx rdtscp lm constant_tsc arch_perfmon pebs bts rep_good nopl xtopology nonstop_tsc aperfmperf eagerfpu pni pclmulqdq dtes64 monitor ds_cpl vmx est tm2 ssse3 cx16 xtpr pdcm pcid sse4_1 sse4_2 x2apic popcnt tsc_deadline_timer aes xsave avx f16c rdrand lahf_lm ida arat epb xsaveopt pln pts dtherm tpr_shadow vnmi flexpriority ept vpid fsgsbase smep erms
bogomips	: 4589.72
clflush size	: 64
cache_alignment	: 64
address sizes	: 36 bits physical, 48 bits virtual
power management:

processor	: 5
vendor_id	: GenuineIntel
cpu family	: 6
model		: 58
model name	: Intel(R) Core(TM) i7-3610QM CPU @ 2.30GHz
stepping	: 9
microcode	: 0x10
cpu MHz		: 1200.000
cache size	: 6144 KB
physical id	: 0
siblings	: 8
core id		: 1
cpu cores	: 4
apicid		: 3
initial apicid	: 3
fpu		: yes
fpu_exception	: yes
cpuid level	: 13
wp		: yes
flags		: fpu vme de pse tsc msr pae mce cx8 apic sep mtrr pge mca cmov pat pse36 clflush dts acpi mmx fxsr sse sse2 ss ht tm pbe syscall nx rdtscp lm constant_tsc arch_perfmon pebs bts rep_good nopl xtopology nonstop_tsc aperfmperf eagerfpu pni pclmulqdq dtes64 monitor ds_cpl vmx est tm2 ssse3 cx16 xtpr pdcm pcid sse4_1 sse4_2 x2apic popcnt tsc_deadline_timer aes xsave avx f16c rdrand lahf_lm ida arat epb xsaveopt pln pts dtherm tpr_shadow vnmi flexpriority ept vpid fsgsbase smep erms
bogomips	: 4589.72
clflush size	: 64
cache_alignment	: 64
address sizes	: 36 bits physical, 48 bits virtual
power management:

processor	: 6
vendor_id	: GenuineIntel
cpu family	: 6
model		: 58
model name	: Intel(R) Core(TM) i7-3610QM CPU @ 2.30GHz
stepping	: 9
microcode	: 0x10
cpu MHz		: 2301.000
cache size	: 6144 KB
physical id	: 0
siblings	: 8
core id		: 2
cpu cores	: 4
apicid		: 5
initial apicid	: 5
fpu		: yes
fpu_exception	: yes
cpuid level	: 13
wp		: yes
flags		: fpu vme de pse tsc msr pae mce cx8 apic sep mtrr pge mca cmov pat pse36 clflush dts acpi mmx fxsr sse sse2 ss ht tm pbe syscall nx rdtscp lm constant_tsc arch_perfmon pebs bts rep_good nopl xtopology nonstop_tsc aperfmperf eagerfpu pni pclmulqdq dtes64 monitor ds_cpl vmx est tm2 ssse3 cx16 xtpr pdcm pcid sse4_1 sse4_2 x2apic popcnt tsc_deadline_timer aes xsave avx f16c rdrand lahf_lm ida arat epb xsaveopt pln pts dtherm tpr_shadow vnmi flexpriority ept vpid fsgsbase smep erms
bogomips	: 4589.72
clflush size	: 64
cache_alignment	: 64
address sizes	: 36 bits physical, 48 bits virtual
power management:

processor	: 7
vendor_id	: GenuineIntel
cpu family	: 6
model		: 58
model name	: Intel(R) Core(TM) i7-3610QM CPU @ 2.30GHz
stepping	: 9
microcode	: 0x10
cpu MHz		: 2301.000
cache size	: 6144 KB
physical id	: 0
siblings	: 8
core id		: 3
cpu cores	: 4
apicid		: 7
initial apicid	: 7
fpu		: yes
fpu_exception	: yes
cpuid level	: 13
wp		: yes
flags		: fpu vme de pse tsc msr pae mce cx8 apic sep mtrr pge mca cmov pat pse36 clflush dts acpi mmx fxsr sse sse2 ss ht tm pbe syscall nx rdtscp lm constant_tsc arch_perfmon pebs bts rep_good nopl xtopology nonstop_tsc aperfmperf eagerfpu pni pclmulqdq dtes64 monitor ds_cpl vmx est tm2 ssse3 cx16 xtpr pdcm pcid sse4_1 sse4_2 x2apic popcnt tsc_deadline_timer aes xsave avx f16c rdrand lahf_lm ida arat epb xsaveopt pln pts dtherm tpr_shadow vnmi flexpriority ept vpid fsgsbase smep erms
bogomips	: 4589.72
clflush size	: 64
cache_alignment	: 64
address sizes	: 36 bits physical, 48 bits virtual
power management:



Memory: 4k page, physical 8059864k(805108k free), swap 0k(0k free)

vm_info: Java HotSpot(TM) 64-Bit Server VM (25.5-b02) for linux-amd64 JRE (1.8.0_05-b13), built on Mar 18 2014 00:29:27 by "java_re" with gcc 4.3.0 20080428 (Red Hat 4.3.0-8)

time: Wed Jun 18 00:41:29 2014
elapsed time: 0 seconds

