#
# A fatal error has been detected by the Java Runtime Environment:
#
#  Internal Error (javaClasses.cpp:124), pid=17185, tid=140223894595328
#  fatal error: Invalid layout of preloaded class
#
# JRE version:  (8.0_05-b13) (build )
# Java VM: Java HotSpot(TM) 64-Bit Server VM (25.5-b02 mixed mode linux-amd64 compressed oops)
# Failed to write core dump. Core dumps have been disabled. To enable core dumping, try "ulimit -c unlimited" before starting Java again
#
# If you would like to submit a bug report, please visit:
#   http://bugreport.sun.com/bugreport/crash.jsp
#

---------------  T H R E A D  ---------------

Current thread (0x00007f886400a000):  JavaThread "Unknown thread" [_thread_in_vm, id=17190, stack(0x00007f886b5d2000,0x00007f886b6d3000)]

Stack: [0x00007f886b5d2000,0x00007f886b6d3000],  sp=0x00007f886b6d1810,  free space=1022k
Native frames: (J=compiled Java code, j=interpreted, Vv=VM code, C=native code)
V  [libjvm.so+0xa2f43a]  VMError::report_and_die()+0x2ca
V  [libjvm.so+0x4b2809]  report_fatal(char const*, int, char const*)+0x59
V  [libjvm.so+0x63016c]  compute_offset(int&, Klass*, Symbol*, Symbol*, bool)+0x20c
V  [libjvm.so+0x630f19]  java_lang_String::compute_offsets()+0x39
V  [libjvm.so+0x9aeb46]  SystemDictionary::initialize_preloaded_classes(Thread*)+0x86
V  [libjvm.so+0x9fc79c]  Universe::genesis(Thread*)+0x3cc
V  [libjvm.so+0x9fca4c]  universe2_init()+0x2c
V  [libjvm.so+0x5d461d]  init_globals()+0xbd
V  [libjvm.so+0x9e44ad]  Threads::create_vm(JavaVMInitArgs*, bool*)+0x24d
V  [libjvm.so+0x6659f4]  JNI_CreateJavaVM+0x74
C  [libjli.so+0x703e]  JavaMain+0x9e


---------------  P R O C E S S  ---------------

Java Threads: ( => current thread )

Other Threads:

=>0x00007f886400a000 (exited) JavaThread "Unknown thread" [_thread_in_vm, id=17190, stack(0x00007f886b5d2000,0x00007f886b6d3000)]

VM state:not at safepoint (not fully initialized)

VM Mutex/Monitor currently owned by a thread: None

GC Heap History (0 events):
No events

Deoptimization events (0 events):
No events

Internal exceptions (0 events):
No events

Events (10 events):
Event: 0.007 loading class java/lang/CharSequence done
Event: 0.007 loading class java/lang/String done
Event: 0.007 loading class java/lang/Class
Event: 0.007 loading class java/lang/reflect/AnnotatedElement
Event: 0.007 loading class java/lang/reflect/AnnotatedElement done
Event: 0.007 loading class java/lang/reflect/GenericDeclaration
Event: 0.008 loading class java/lang/reflect/GenericDeclaration done
Event: 0.008 loading class java/lang/reflect/Type
Event: 0.008 loading class java/lang/reflect/Type done
Event: 0.008 loading class java/lang/Class done


Dynamic libraries:
00400000-00401000 r-xp 00000000 08:05 1228064                            /usr/lib/jvm/java-8-oracle/bin/java
00600000-00601000 rw-p 00000000 08:05 1228064                            /usr/lib/jvm/java-8-oracle/bin/java
016c0000-016e1000 rw-p 00000000 00:00 0                                  [heap]
85000000-8ca80000 rw-p 00000000 00:00 0 
8ca80000-d7000000 ---p 00000000 00:00 0 
d7000000-d7180000 rw-p 00000000 00:00 0 
d7180000-100000000 ---p 00000000 00:00 0 
100000000-100060000 rw-p 00000000 00:00 0 
100060000-140000000 ---p 00000000 00:00 0 
7f8828000000-7f8828021000 rw-p 00000000 00:00 0 
7f8828021000-7f882c000000 ---p 00000000 00:00 0 
7f8830000000-7f8830021000 rw-p 00000000 00:00 0 
7f8830021000-7f8834000000 ---p 00000000 00:00 0 
7f8837800000-7f8837c00000 rw-p 00000000 00:00 0 
7f8837c00000-7f8838000000 ---p 00000000 00:00 0 
7f8838000000-7f8838021000 rw-p 00000000 00:00 0 
7f8838021000-7f883c000000 ---p 00000000 00:00 0 
7f883c018000-7f8840000000 rw-p 00000000 00:00 0 
7f8840000000-7f8840021000 rw-p 00000000 00:00 0 
7f8840021000-7f8844000000 ---p 00000000 00:00 0 
7f8844000000-7f8844021000 rw-p 00000000 00:00 0 
7f8844021000-7f8848000000 ---p 00000000 00:00 0 
7f8848000000-7f8848021000 rw-p 00000000 00:00 0 
7f8848021000-7f884c000000 ---p 00000000 00:00 0 
7f884c000000-7f884c021000 rw-p 00000000 00:00 0 
7f884c021000-7f8850000000 ---p 00000000 00:00 0 
7f8850000000-7f8850021000 rw-p 00000000 00:00 0 
7f8850021000-7f8854000000 ---p 00000000 00:00 0 
7f88540b9000-7f8854190000 r--s 013fe000 08:05 732018                     /home/phoenamandre/Downloads/adt-bundle-linux-x86_64-20140321/sdk/platforms/android-19/android.jar
7f8854190000-7f8854568000 rw-p 00000000 00:00 0 
7f8854568000-7f8854569000 ---p 00000000 00:00 0 
7f8854569000-7f8854669000 rw-p 00000000 00:00 0                          [stack:17198]
7f8854669000-7f885466a000 ---p 00000000 00:00 0 
7f885466a000-7f885476a000 rw-p 00000000 00:00 0                          [stack:17197]
7f885476a000-7f885476b000 ---p 00000000 00:00 0 
7f885476b000-7f885486b000 rw-p 00000000 00:00 0                          [stack:17196]
7f885486b000-7f885486c000 ---p 00000000 00:00 0 
7f885486c000-7f885496c000 rw-p 00000000 00:00 0                          [stack:17195]
7f885496c000-7f885496d000 ---p 00000000 00:00 0 
7f885496d000-7f8854a6d000 rw-p 00000000 00:00 0                          [stack:17194]
7f8854a6d000-7f8854a6e000 ---p 00000000 00:00 0 
7f8854a6e000-7f8854b6e000 rw-p 00000000 00:00 0                          [stack:17193]
7f8854b6e000-7f8854b6f000 ---p 00000000 00:00 0 
7f8854b6f000-7f8854c6f000 rw-p 00000000 00:00 0                          [stack:17192]
7f8854c6f000-7f8854c70000 ---p 00000000 00:00 0 
7f8854c70000-7f8854dae000 rw-p 00000000 00:00 0                          [stack:17191]
7f8854dae000-7f8855000000 ---p 00000000 00:00 0 
7f8855000000-7f8855270000 rwxp 00000000 00:00 0 
7f8855270000-7f8864000000 ---p 00000000 00:00 0 
7f8864000000-7f8864058000 rw-p 00000000 00:00 0 
7f8864058000-7f8868000000 ---p 00000000 00:00 0 
7f8868016000-7f88680ca000 rw-p 00000000 00:00 0 
7f88680ca000-7f886831c000 ---p 00000000 00:00 0 
7f886831c000-7f886831d000 rw-p 00000000 00:00 0 
7f886831d000-7f8868464000 ---p 00000000 00:00 0 
7f8868464000-7f886846f000 rw-p 00000000 00:00 0 
7f886846f000-7f8868825000 ---p 00000000 00:00 0 
7f8868825000-7f8868841000 r-xp 00000000 08:05 1227469                    /usr/lib/jvm/java-8-oracle/jre/lib/amd64/libzip.so
7f8868841000-7f8868a40000 ---p 0001c000 08:05 1227469                    /usr/lib/jvm/java-8-oracle/jre/lib/amd64/libzip.so
7f8868a40000-7f8868a41000 rw-p 0001b000 08:05 1227469                    /usr/lib/jvm/java-8-oracle/jre/lib/amd64/libzip.so
7f8868a41000-7f8868a4c000 r-xp 00000000 08:05 802946                     /lib/x86_64-linux-gnu/libnss_files-2.19.so
7f8868a4c000-7f8868c4b000 ---p 0000b000 08:05 802946                     /lib/x86_64-linux-gnu/libnss_files-2.19.so
7f8868c4b000-7f8868c4c000 r--p 0000a000 08:05 802946                     /lib/x86_64-linux-gnu/libnss_files-2.19.so
7f8868c4c000-7f8868c4d000 rw-p 0000b000 08:05 802946                     /lib/x86_64-linux-gnu/libnss_files-2.19.so
7f8868c4d000-7f8868c58000 r-xp 00000000 08:05 809856                     /lib/x86_64-linux-gnu/libnss_nis-2.19.so
7f8868c58000-7f8868e57000 ---p 0000b000 08:05 809856                     /lib/x86_64-linux-gnu/libnss_nis-2.19.so
7f8868e57000-7f8868e58000 r--p 0000a000 08:05 809856                     /lib/x86_64-linux-gnu/libnss_nis-2.19.so
7f8868e58000-7f8868e59000 rw-p 0000b000 08:05 809856                     /lib/x86_64-linux-gnu/libnss_nis-2.19.so
7f8868e59000-7f8868e70000 r-xp 00000000 08:05 809810                     /lib/x86_64-linux-gnu/libnsl-2.19.so
7f8868e70000-7f886906f000 ---p 00017000 08:05 809810                     /lib/x86_64-linux-gnu/libnsl-2.19.so
7f886906f000-7f8869070000 r--p 00016000 08:05 809810                     /lib/x86_64-linux-gnu/libnsl-2.19.so
7f8869070000-7f8869071000 rw-p 00017000 08:05 809810                     /lib/x86_64-linux-gnu/libnsl-2.19.so
7f8869071000-7f8869073000 rw-p 00000000 00:00 0 
7f8869073000-7f886907c000 r-xp 00000000 08:05 809875                     /lib/x86_64-linux-gnu/libnss_compat-2.19.so
7f886907c000-7f886927b000 ---p 00009000 08:05 809875                     /lib/x86_64-linux-gnu/libnss_compat-2.19.so
7f886927b000-7f886927c000 r--p 00008000 08:05 809875                     /lib/x86_64-linux-gnu/libnss_compat-2.19.so
7f886927c000-7f886927d000 rw-p 00009000 08:05 809875                     /lib/x86_64-linux-gnu/libnss_compat-2.19.so
7f886927d000-7f88692a7000 r-xp 00000000 08:05 1227462                    /usr/lib/jvm/java-8-oracle/jre/lib/amd64/libjava.so
7f88692a7000-7f88694a7000 ---p 0002a000 08:05 1227462                    /usr/lib/jvm/java-8-oracle/jre/lib/amd64/libjava.so
7f88694a7000-7f88694a9000 rw-p 0002a000 08:05 1227462                    /usr/lib/jvm/java-8-oracle/jre/lib/amd64/libjava.so
7f88694a9000-7f88694b6000 r-xp 00000000 08:05 1227458                    /usr/lib/jvm/java-8-oracle/jre/lib/amd64/libverify.so
7f88694b6000-7f88696b6000 ---p 0000d000 08:05 1227458                    /usr/lib/jvm/java-8-oracle/jre/lib/amd64/libverify.so
7f88696b6000-7f88696b8000 rw-p 0000d000 08:05 1227458                    /usr/lib/jvm/java-8-oracle/jre/lib/amd64/libverify.so
7f88696b8000-7f88696bf000 r-xp 00000000 08:05 810752                     /lib/x86_64-linux-gnu/librt-2.19.so
7f88696bf000-7f88698be000 ---p 00007000 08:05 810752                     /lib/x86_64-linux-gnu/librt-2.19.so
7f88698be000-7f88698bf000 r--p 00006000 08:05 810752                     /lib/x86_64-linux-gnu/librt-2.19.so
7f88698bf000-7f88698c0000 rw-p 00007000 08:05 810752                     /lib/x86_64-linux-gnu/librt-2.19.so
7f88698c0000-7f88699c5000 r-xp 00000000 08:05 803967                     /lib/x86_64-linux-gnu/libm-2.19.so
7f88699c5000-7f8869bc4000 ---p 00105000 08:05 803967                     /lib/x86_64-linux-gnu/libm-2.19.so
7f8869bc4000-7f8869bc5000 r--p 00104000 08:05 803967                     /lib/x86_64-linux-gnu/libm-2.19.so
7f8869bc5000-7f8869bc6000 rw-p 00105000 08:05 803967                     /lib/x86_64-linux-gnu/libm-2.19.so
7f8869bc6000-7f886a7e0000 r-xp 00000000 08:05 1227466                    /usr/lib/jvm/java-8-oracle/jre/lib/amd64/server/libjvm.so
7f886a7e0000-7f886a9df000 ---p 00c1a000 08:05 1227466                    /usr/lib/jvm/java-8-oracle/jre/lib/amd64/server/libjvm.so
7f886a9df000-7f886aaa8000 rw-p 00c19000 08:05 1227466                    /usr/lib/jvm/java-8-oracle/jre/lib/amd64/server/libjvm.so
7f886aaa8000-7f886aae9000 rw-p 00000000 00:00 0 
7f886aae9000-7f886aca5000 r-xp 00000000 08:05 802284                     /lib/x86_64-linux-gnu/libc-2.19.so
7f886aca5000-7f886aea4000 ---p 001bc000 08:05 802284                     /lib/x86_64-linux-gnu/libc-2.19.so
7f886aea4000-7f886aea8000 r--p 001bb000 08:05 802284                     /lib/x86_64-linux-gnu/libc-2.19.so
7f886aea8000-7f886aeaa000 rw-p 001bf000 08:05 802284                     /lib/x86_64-linux-gnu/libc-2.19.so
7f886aeaa000-7f886aeaf000 rw-p 00000000 00:00 0 
7f886aeaf000-7f886aeb2000 r-xp 00000000 08:05 810320                     /lib/x86_64-linux-gnu/libdl-2.19.so
7f886aeb2000-7f886b0b1000 ---p 00003000 08:05 810320                     /lib/x86_64-linux-gnu/libdl-2.19.so
7f886b0b1000-7f886b0b2000 r--p 00002000 08:05 810320                     /lib/x86_64-linux-gnu/libdl-2.19.so
7f886b0b2000-7f886b0b3000 rw-p 00003000 08:05 810320                     /lib/x86_64-linux-gnu/libdl-2.19.so
7f886b0b3000-7f886b0ca000 r-xp 00000000 08:05 1331102                    /usr/lib/jvm/java-8-oracle/lib/amd64/jli/libjli.so
7f886b0ca000-7f886b2c9000 ---p 00017000 08:05 1331102                    /usr/lib/jvm/java-8-oracle/lib/amd64/jli/libjli.so
7f886b2c9000-7f886b2ca000 rw-p 00016000 08:05 1331102                    /usr/lib/jvm/java-8-oracle/lib/amd64/jli/libjli.so
7f886b2ca000-7f886b2e3000 r-xp 00000000 08:05 810711                     /lib/x86_64-linux-gnu/libpthread-2.19.so
7f886b2e3000-7f886b4e2000 ---p 00019000 08:05 810711                     /lib/x86_64-linux-gnu/libpthread-2.19.so
7f886b4e2000-7f886b4e3000 r--p 00018000 08:05 810711                     /lib/x86_64-linux-gnu/libpthread-2.19.so
7f886b4e3000-7f886b4e4000 rw-p 00019000 08:05 810711                     /lib/x86_64-linux-gnu/libpthread-2.19.so
7f886b4e4000-7f886b4e8000 rw-p 00000000 00:00 0 
7f886b4e8000-7f886b50b000 r-xp 00000000 08:05 802279                     /lib/x86_64-linux-gnu/ld-2.19.so
7f886b526000-7f886b5d2000 rw-p 00000000 00:00 0 
7f886b5d2000-7f886b5d5000 ---p 00000000 00:00 0 
7f886b5d5000-7f886b6fe000 rw-p 00000000 00:00 0                          [stack:17190]
7f886b6fe000-7f886b706000 rw-s 00000000 08:05 796421                     /tmp/hsperfdata_phoenamandre/17185
7f886b706000-7f886b707000 rw-p 00000000 00:00 0 
7f886b707000-7f886b708000 r--p 00000000 00:00 0 
7f886b708000-7f886b70a000 rw-p 00000000 00:00 0 
7f886b70a000-7f886b70b000 r--p 00022000 08:05 802279                     /lib/x86_64-linux-gnu/ld-2.19.so
7f886b70b000-7f886b70c000 rw-p 00023000 08:05 802279                     /lib/x86_64-linux-gnu/ld-2.19.so
7f886b70c000-7f886b70d000 rw-p 00000000 00:00 0 
7fff5032d000-7fff5034f000 rw-p 00000000 00:00 0                          [stack]
7fff503fe000-7fff50400000 r-xp 00000000 00:00 0                          [vdso]
ffffffffff600000-ffffffffff601000 r-xp 00000000 00:00 0                  [vsyscall]

VM Arguments:
jvm_args: -Dfile.encoding=UTF-8 -Xbootclasspath:/home/phoenamandre/Downloads/adt-bundle-linux-x86_64-20140321/sdk/platforms/android-19/android.jar 
java_command: hubic.Access
java_class_path (initial): /home/phoenamandre/workspaceAndroid/HubicSync/bin/classes:/home/phoenamandre/workspaceAndroid/HubicSync/libs/android-support-v4.jar
Launcher Type: SUN_STANDARD

Environment Variables:
PATH=/usr/local/sbin:/usr/local/bin:/usr/sbin:/usr/bin:/sbin:/bin:/usr/games:/usr/local/games
SHELL=/bin/bash
DISPLAY=:0

Signal Handlers:
SIGSEGV: [libjvm.so+0xa2fc90], sa_mask[0]=0x7ffbfeff, sa_flags=0x10000004
SIGBUS: [libjvm.so+0xa2fc90], sa_mask[0]=0x7ffbfeff, sa_flags=0x10000004
SIGFPE: [libjvm.so+0x89b4b0], sa_mask[0]=0x7ffbfeff, sa_flags=0x10000004
SIGPIPE: [libjvm.so+0x89b4b0], sa_mask[0]=0x7ffbfeff, sa_flags=0x10000004
SIGXFSZ: [libjvm.so+0x89b4b0], sa_mask[0]=0x7ffbfeff, sa_flags=0x10000004
SIGILL: [libjvm.so+0x89b4b0], sa_mask[0]=0x7ffbfeff, sa_flags=0x10000004
SIGUSR1: SIG_DFL, sa_mask[0]=0x00000000, sa_flags=0x00000000
SIGUSR2: [libjvm.so+0x89cc50], sa_mask[0]=0x00000004, sa_flags=0x10000004
SIGHUP: SIG_DFL, sa_mask[0]=0x00000000, sa_flags=0x00000000
SIGINT: SIG_DFL, sa_mask[0]=0x00000000, sa_flags=0x00000000
SIGTERM: SIG_DFL, sa_mask[0]=0x00000000, sa_flags=0x00000000
SIGQUIT: SIG_DFL, sa_mask[0]=0x00000000, sa_flags=0x00000000


---------------  S Y S T E M  ---------------

OS:DISTRIB_ID=Ubuntu
DISTRIB_RELEASE=14.04
DISTRIB_CODENAME=trusty
DISTRIB_DESCRIPTION="Ubuntu 14.04 LTS"

uname:Linux 3.13.0-27-generic #50-Ubuntu SMP Thu May 15 18:06:16 UTC 2014 x86_64
libc:glibc 2.19 NPTL 2.19 
rlimit: STACK 8192k, CORE 0k, NPROC 62739, NOFILE 4096, AS infinity
load average:0.35 0.71 0.81

/proc/meminfo:
MemTotal:        8059864 kB
MemFree:          802764 kB
Buffers:          518624 kB
Cached:          2314996 kB
SwapCached:            0 kB
Active:          4652020 kB
Inactive:        2126028 kB
Active(anon):    3982692 kB
Inactive(anon):  1050136 kB
Active(file):     669328 kB
Inactive(file):  1075892 kB
Unevictable:         160 kB
Mlocked:             160 kB
SwapTotal:             0 kB
SwapFree:              0 kB
Dirty:               148 kB
Writeback:             0 kB
AnonPages:       3944720 kB
Mapped:           464312 kB
Shmem:           1088344 kB
Slab:             273660 kB
SReclaimable:     166972 kB
SUnreclaim:       106688 kB
KernelStack:        8000 kB
PageTables:        73200 kB
NFS_Unstable:          0 kB
Bounce:                0 kB
WritebackTmp:          0 kB
CommitLimit:     4029932 kB
Committed_AS:   11236032 kB
VmallocTotal:   34359738367 kB
VmallocUsed:      365472 kB
VmallocChunk:   34359351676 kB
HardwareCorrupted:     0 kB
AnonHugePages:    735232 kB
HugePages_Total:       0
HugePages_Free:        0
HugePages_Rsvd:        0
HugePages_Surp:        0
Hugepagesize:       2048 kB
DirectMap4k:      319732 kB
DirectMap2M:     7952384 kB


CPU:total 8 (4 cores per cpu, 2 threads per core) family 6 model 58 stepping 9, cmov, cx8, fxsr, mmx, sse, sse2, sse3, ssse3, sse4.1, sse4.2, popcnt, avx, aes, clmul, erms, ht, tsc, tscinvbit

/proc/cpuinfo:
processor	: 0
vendor_id	: GenuineIntel
cpu family	: 6
model		: 58
model name	: Intel(R) Core(TM) i7-3610QM CPU @ 2.30GHz
stepping	: 9
microcode	: 0x10
cpu MHz		: 1200.000
cache size	: 6144 KB
physical id	: 0
siblings	: 8
core id		: 0
cpu cores	: 4
apicid		: 0
initial apicid	: 0
fpu		: yes
fpu_exception	: yes
cpuid level	: 13
wp		: yes
flags		: fpu vme de pse tsc msr pae mce cx8 apic sep mtrr pge mca cmov pat pse36 clflush dts acpi mmx fxsr sse sse2 ss ht tm pbe syscall nx rdtscp lm constant_tsc arch_perfmon pebs bts rep_good nopl xtopology nonstop_tsc aperfmperf eagerfpu pni pclmulqdq dtes64 monitor ds_cpl vmx est tm2 ssse3 cx16 xtpr pdcm pcid sse4_1 sse4_2 x2apic popcnt tsc_deadline_timer aes xsave avx f16c rdrand lahf_lm ida arat epb xsaveopt pln pts dtherm tpr_shadow vnmi flexpriority ept vpid fsgsbase smep erms
bogomips	: 4589.72
clflush size	: 64
cache_alignment	: 64
address sizes	: 36 bits physical, 48 bits virtual
power management:

processor	: 1
vendor_id	: GenuineIntel
cpu family	: 6
model		: 58
model name	: Intel(R) Core(TM) i7-3610QM CPU @ 2.30GHz
stepping	: 9
microcode	: 0x10
cpu MHz		: 1500.000
cache size	: 6144 KB
physical id	: 0
siblings	: 8
core id		: 1
cpu cores	: 4
apicid		: 2
initial apicid	: 2
fpu		: yes
fpu_exception	: yes
cpuid level	: 13
wp		: yes
flags		: fpu vme de pse tsc msr pae mce cx8 apic sep mtrr pge mca cmov pat pse36 clflush dts acpi mmx fxsr sse sse2 ss ht tm pbe syscall nx rdtscp lm constant_tsc arch_perfmon pebs bts rep_good nopl xtopology nonstop_tsc aperfmperf eagerfpu pni pclmulqdq dtes64 monitor ds_cpl vmx est tm2 ssse3 cx16 xtpr pdcm pcid sse4_1 sse4_2 x2apic popcnt tsc_deadline_timer aes xsave avx f16c rdrand lahf_lm ida arat epb xsaveopt pln pts dtherm tpr_shadow vnmi flexpriority ept vpid fsgsbase smep erms
bogomips	: 4589.72
clflush size	: 64
cache_alignment	: 64
address sizes	: 36 bits physical, 48 bits virtual
power management:

processor	: 2
vendor_id	: GenuineIntel
cpu family	: 6
model		: 58
model name	: Intel(R) Core(TM) i7-3610QM CPU @ 2.30GHz
stepping	: 9
microcode	: 0x10
cpu MHz		: 2200.000
cache size	: 6144 KB
physical id	: 0
siblings	: 8
core id		: 2
cpu cores	: 4
apicid		: 4
initial apicid	: 4
fpu		: yes
fpu_exception	: yes
cpuid level	: 13
wp		: yes
flags		: fpu vme de pse tsc msr pae mce cx8 apic sep mtrr pge mca cmov pat pse36 clflush dts acpi mmx fxsr sse sse2 ss ht tm pbe syscall nx rdtscp lm constant_tsc arch_perfmon pebs bts rep_good nopl xtopology nonstop_tsc aperfmperf eagerfpu pni pclmulqdq dtes64 monitor ds_cpl vmx est tm2 ssse3 cx16 xtpr pdcm pcid sse4_1 sse4_2 x2apic popcnt tsc_deadline_timer aes xsave avx f16c rdrand lahf_lm ida arat epb xsaveopt pln pts dtherm tpr_shadow vnmi flexpriority ept vpid fsgsbase smep erms
bogomips	: 4589.72
clflush size	: 64
cache_alignment	: 64
address sizes	: 36 bits physical, 48 bits virtual
power management:

processor	: 3
vendor_id	: GenuineIntel
cpu family	: 6
model		: 58
model name	: Intel(R) Core(TM) i7-3610QM CPU @ 2.30GHz
stepping	: 9
microcode	: 0x10
cpu MHz		: 2100.000
cache size	: 6144 KB
physical id	: 0
siblings	: 8
core id		: 3
cpu cores	: 4
apicid		: 6
initial apicid	: 6
fpu		: yes
fpu_exception	: yes
cpuid level	: 13
wp		: yes
flags		: fpu vme de pse tsc msr pae mce cx8 apic sep mtrr pge mca cmov pat pse36 clflush dts acpi mmx fxsr sse sse2 ss ht tm pbe syscall nx rdtscp lm constant_tsc arch_perfmon pebs bts rep_good nopl xtopology nonstop_tsc aperfmperf eagerfpu pni pclmulqdq dtes64 monitor ds_cpl vmx est tm2 ssse3 cx16 xtpr pdcm pcid sse4_1 sse4_2 x2apic popcnt tsc_deadline_timer aes xsave avx f16c rdrand lahf_lm ida arat epb xsaveopt pln pts dtherm tpr_shadow vnmi flexpriority ept vpid fsgsbase smep erms
bogomips	: 4589.72
clflush size	: 64
cache_alignment	: 64
address sizes	: 36 bits physical, 48 bits virtual
power management:

processor	: 4
vendor_id	: GenuineIntel
cpu family	: 6
model		: 58
model name	: Intel(R) Core(TM) i7-3610QM CPU @ 2.30GHz
stepping	: 9
microcode	: 0x10
cpu MHz		: 1300.000
cache size	: 6144 KB
physical id	: 0
siblings	: 8
core id		: 0
cpu cores	: 4
apicid		: 1
initial apicid	: 1
fpu		: yes
fpu_exception	: yes
cpuid level	: 13
wp		: yes
flags		: fpu vme de pse tsc msr pae mce cx8 apic sep mtrr pge mca cmov pat pse36 clflush dts acpi mmx fxsr sse sse2 ss ht tm pbe syscall nx rdtscp lm constant_tsc arch_perfmon pebs bts rep_good nopl xtopology nonstop_tsc aperfmperf eagerfpu pni pclmulqdq dtes64 monitor ds_cpl vmx est tm2 ssse3 cx16 xtpr pdcm pcid sse4_1 sse4_2 x2apic popcnt tsc_deadline_timer aes xsave avx f16c rdrand lahf_lm ida arat epb xsaveopt pln pts dtherm tpr_shadow vnmi flexpriority ept vpid fsgsbase smep erms
bogomips	: 4589.72
clflush size	: 64
cache_alignment	: 64
address sizes	: 36 bits physical, 48 bits virtual
power management:

processor	: 5
vendor_id	: GenuineIntel
cpu family	: 6
model		: 58
model name	: Intel(R) Core(TM) i7-3610QM CPU @ 2.30GHz
stepping	: 9
microcode	: 0x10
cpu MHz		: 2200.000
cache size	: 6144 KB
physical id	: 0
siblings	: 8
core id		: 1
cpu cores	: 4
apicid		: 3
initial apicid	: 3
fpu		: yes
fpu_exception	: yes
cpuid level	: 13
wp		: yes
flags		: fpu vme de pse tsc msr pae mce cx8 apic sep mtrr pge mca cmov pat pse36 clflush dts acpi mmx fxsr sse sse2 ss ht tm pbe syscall nx rdtscp lm constant_tsc arch_perfmon pebs bts rep_good nopl xtopology nonstop_tsc aperfmperf eagerfpu pni pclmulqdq dtes64 monitor ds_cpl vmx est tm2 ssse3 cx16 xtpr pdcm pcid sse4_1 sse4_2 x2apic popcnt tsc_deadline_timer aes xsave avx f16c rdrand lahf_lm ida arat epb xsaveopt pln pts dtherm tpr_shadow vnmi flexpriority ept vpid fsgsbase smep erms
bogomips	: 4589.72
clflush size	: 64
cache_alignment	: 64
address sizes	: 36 bits physical, 48 bits virtual
power management:

processor	: 6
vendor_id	: GenuineIntel
cpu family	: 6
model		: 58
model name	: Intel(R) Core(TM) i7-3610QM CPU @ 2.30GHz
stepping	: 9
microcode	: 0x10
cpu MHz		: 2301.000
cache size	: 6144 KB
physical id	: 0
siblings	: 8
core id		: 2
cpu cores	: 4
apicid		: 5
initial apicid	: 5
fpu		: yes
fpu_exception	: yes
cpuid level	: 13
wp		: yes
flags		: fpu vme de pse tsc msr pae mce cx8 apic sep mtrr pge mca cmov pat pse36 clflush dts acpi mmx fxsr sse sse2 ss ht tm pbe syscall nx rdtscp lm constant_tsc arch_perfmon pebs bts rep_good nopl xtopology nonstop_tsc aperfmperf eagerfpu pni pclmulqdq dtes64 monitor ds_cpl vmx est tm2 ssse3 cx16 xtpr pdcm pcid sse4_1 sse4_2 x2apic popcnt tsc_deadline_timer aes xsave avx f16c rdrand lahf_lm ida arat epb xsaveopt pln pts dtherm tpr_shadow vnmi flexpriority ept vpid fsgsbase smep erms
bogomips	: 4589.72
clflush size	: 64
cache_alignment	: 64
address sizes	: 36 bits physical, 48 bits virtual
power management:

processor	: 7
vendor_id	: GenuineIntel
cpu family	: 6
model		: 58
model name	: Intel(R) Core(TM) i7-3610QM CPU @ 2.30GHz
stepping	: 9
microcode	: 0x10
cpu MHz		: 2301.000
cache size	: 6144 KB
physical id	: 0
siblings	: 8
core id		: 3
cpu cores	: 4
apicid		: 7
initial apicid	: 7
fpu		: yes
fpu_exception	: yes
cpuid level	: 13
wp		: yes
flags		: fpu vme de pse tsc msr pae mce cx8 apic sep mtrr pge mca cmov pat pse36 clflush dts acpi mmx fxsr sse sse2 ss ht tm pbe syscall nx rdtscp lm constant_tsc arch_perfmon pebs bts rep_good nopl xtopology nonstop_tsc aperfmperf eagerfpu pni pclmulqdq dtes64 monitor ds_cpl vmx est tm2 ssse3 cx16 xtpr pdcm pcid sse4_1 sse4_2 x2apic popcnt tsc_deadline_timer aes xsave avx f16c rdrand lahf_lm ida arat epb xsaveopt pln pts dtherm tpr_shadow vnmi flexpriority ept vpid fsgsbase smep erms
bogomips	: 4589.72
clflush size	: 64
cache_alignment	: 64
address sizes	: 36 bits physical, 48 bits virtual
power management:



Memory: 4k page, physical 8059864k(802764k free), swap 0k(0k free)

vm_info: Java HotSpot(TM) 64-Bit Server VM (25.5-b02) for linux-amd64 JRE (1.8.0_05-b13), built on Mar 18 2014 00:29:27 by "java_re" with gcc 4.3.0 20080428 (Red Hat 4.3.0-8)

time: Wed Jun 18 00:41:34 2014
elapsed time: 0 seconds

